{"/Users/katiavelasquez/Desktop/nodeBackenBookEnxachange/server.js": {"path":"/Users/katiavelasquez/Desktop/nodeBackenBookEnxachange/server.js","statementMap":{"0":{"start":{"line":1,"column":0},"end":{"line":1,"column":27}},"1":{"start":{"line":2,"column":16},"end":{"line":2,"column":34}},"2":{"start":{"line":3,"column":13},"end":{"line":3,"column":28}},"3":{"start":{"line":4,"column":18},"end":{"line":4,"column":47}},"4":{"start":{"line":5,"column":18},"end":{"line":5,"column":43}},"5":{"start":{"line":7,"column":12},"end":{"line":7,"column":21}},"6":{"start":{"line":9,"column":0},"end":{"line":9,"column":24}},"7":{"start":{"line":11,"column":11},"end":{"line":11,"column":34}},"8":{"start":{"line":12,"column":13},"end":{"line":12,"column":20}},"9":{"start":{"line":17,"column":18},"end":{"line":20,"column":1}},"10":{"start":{"line":22,"column":0},"end":{"line":22,"column":27}},"11":{"start":{"line":24,"column":0},"end":{"line":24,"column":48}},"12":{"start":{"line":26,"column":0},"end":{"line":28,"column":3}},"13":{"start":{"line":27,"column":2},"end":{"line":27,"column":98}},"14":{"start":{"line":30,"column":0},"end":{"line":30,"column":41}},"15":{"start":{"line":31,"column":0},"end":{"line":31,"column":41}},"16":{"start":{"line":32,"column":0},"end":{"line":32,"column":46}},"17":{"start":{"line":34,"column":13},"end":{"line":34,"column":17}},"18":{"start":{"line":36,"column":0},"end":{"line":40,"column":2}},"19":{"start":{"line":42,"column":0},"end":{"line":59,"column":1}},"20":{"start":{"line":43,"column":2},"end":{"line":55,"column":7}},"21":{"start":{"line":49,"column":6},"end":{"line":49,"column":54}},"22":{"start":{"line":50,"column":6},"end":{"line":50,"column":16}},"23":{"start":{"line":53,"column":6},"end":{"line":53,"column":45}},"24":{"start":{"line":56,"column":4},"end":{"line":58,"column":7}},"25":{"start":{"line":57,"column":6},"end":{"line":57,"column":56}},"26":{"start":{"line":63,"column":2},"end":{"line":80,"column":3}},"27":{"start":{"line":64,"column":18},"end":{"line":64,"column":53}},"28":{"start":{"line":65,"column":4},"end":{"line":77,"column":5}},"29":{"start":{"line":66,"column":6},"end":{"line":75,"column":9}},"30":{"start":{"line":76,"column":6},"end":{"line":76,"column":66}},"31":{"start":{"line":79,"column":4},"end":{"line":79,"column":51}},"32":{"start":{"line":83,"column":0},"end":{"line":83,"column":21}}},"fnMap":{"0":{"name":"(anonymous_0)","decl":{"start":{"line":26,"column":13},"end":{"line":26,"column":14}},"loc":{"start":{"line":26,"column":27},"end":{"line":28,"column":1}},"line":26},"1":{"name":"(anonymous_1)","decl":{"start":{"line":48,"column":10},"end":{"line":48,"column":11}},"loc":{"start":{"line":48,"column":16},"end":{"line":51,"column":5}},"line":48},"2":{"name":"(anonymous_2)","decl":{"start":{"line":52,"column":11},"end":{"line":52,"column":12}},"loc":{"start":{"line":52,"column":18},"end":{"line":55,"column":5}},"line":52},"3":{"name":"(anonymous_3)","decl":{"start":{"line":56,"column":21},"end":{"line":56,"column":22}},"loc":{"start":{"line":56,"column":27},"end":{"line":58,"column":5}},"line":56},"4":{"name":"initial","decl":{"start":{"line":62,"column":15},"end":{"line":62,"column":22}},"loc":{"start":{"line":62,"column":25},"end":{"line":81,"column":1}},"line":62}},"branchMap":{"0":{"loc":{"start":{"line":42,"column":0},"end":{"line":59,"column":1}},"type":"if","locations":[{"start":{"line":42,"column":0},"end":{"line":59,"column":1}},{"start":{},"end":{}}],"line":42},"1":{"loc":{"start":{"line":65,"column":4},"end":{"line":77,"column":5}},"type":"if","locations":[{"start":{"line":65,"column":4},"end":{"line":77,"column":5}},{"start":{},"end":{}}],"line":65}},"s":{"0":1,"1":1,"2":1,"3":1,"4":1,"5":1,"6":1,"7":1,"8":1,"9":1,"10":1,"11":1,"12":1,"13":0,"14":1,"15":1,"16":1,"17":1,"18":1,"19":1,"20":0,"21":0,"22":0,"23":0,"24":0,"25":0,"26":0,"27":0,"28":0,"29":0,"30":0,"31":0,"32":1},"f":{"0":0,"1":0,"2":0,"3":0,"4":0},"b":{"0":[0,1],"1":[0,0]},"_coverageSchema":"1a1c01bbd47fc00a2c39e90264f33305004495a9","hash":"f8763daa0af3290e05b186ce4cf291221d2d74cc"}
,"/Users/katiavelasquez/Desktop/nodeBackenBookEnxachange/app/config/auth.config.js": {"path":"/Users/katiavelasquez/Desktop/nodeBackenBookEnxachange/app/config/auth.config.js","statementMap":{"0":{"start":{"line":1,"column":0},"end":{"line":3,"column":4}}},"fnMap":{},"branchMap":{},"s":{"0":1},"f":{},"b":{},"_coverageSchema":"1a1c01bbd47fc00a2c39e90264f33305004495a9","hash":"beb4638c023b9ae1b0bc32c84c72d6b1fc4f7aba"}
,"/Users/katiavelasquez/Desktop/nodeBackenBookEnxachange/app/config/roleTest.js": {"path":"/Users/katiavelasquez/Desktop/nodeBackenBookEnxachange/app/config/roleTest.js","statementMap":{"0":{"start":{"line":1,"column":17},"end":{"line":4,"column":1}},"1":{"start":{"line":5,"column":16},"end":{"line":8,"column":1}},"2":{"start":{"line":10,"column":0},"end":{"line":13,"column":1}}},"fnMap":{},"branchMap":{},"s":{"0":1,"1":1,"2":1},"f":{},"b":{},"_coverageSchema":"1a1c01bbd47fc00a2c39e90264f33305004495a9","hash":"b3f8f83f5a63d740218723fa32fd3dc9b7774683"}
,"/Users/katiavelasquez/Desktop/nodeBackenBookEnxachange/app/config/testData.js": {"path":"/Users/katiavelasquez/Desktop/nodeBackenBookEnxachange/app/config/testData.js","statementMap":{"0":{"start":{"line":1,"column":18},"end":{"line":4,"column":1}},"1":{"start":{"line":5,"column":27},"end":{"line":8,"column":1}},"2":{"start":{"line":9,"column":27},"end":{"line":12,"column":1}},"3":{"start":{"line":13,"column":18},"end":{"line":15,"column":1}},"4":{"start":{"line":17,"column":0},"end":{"line":22,"column":1}}},"fnMap":{},"branchMap":{},"s":{"0":1,"1":1,"2":1,"3":1,"4":1},"f":{},"b":{},"_coverageSchema":"1a1c01bbd47fc00a2c39e90264f33305004495a9","hash":"6a79bc340fa598fa3fa6d9c72082c0f3c1391acf"}
,"/Users/katiavelasquez/Desktop/nodeBackenBookEnxachange/app/config/testUsersSigIn.js": {"path":"/Users/katiavelasquez/Desktop/nodeBackenBookEnxachange/app/config/testUsersSigIn.js","statementMap":{"0":{"start":{"line":1,"column":16},"end":{"line":7,"column":1}},"1":{"start":{"line":8,"column":22},"end":{"line":14,"column":1}},"2":{"start":{"line":16,"column":0},"end":{"line":19,"column":1}}},"fnMap":{},"branchMap":{},"s":{"0":1,"1":1,"2":1},"f":{},"b":{},"_coverageSchema":"1a1c01bbd47fc00a2c39e90264f33305004495a9","hash":"b0ca17cf322f64f7d3e30e4505d336dbf9e5898b"}
,"/Users/katiavelasquez/Desktop/nodeBackenBookEnxachange/app/controllers/auth.controllers.js": {"path":"/Users/katiavelasquez/Desktop/nodeBackenBookEnxachange/app/controllers/auth.controllers.js","statementMap":{"0":{"start":{"line":1,"column":0},"end":{"line":1,"column":27}},"1":{"start":{"line":2,"column":13},"end":{"line":2,"column":44}},"2":{"start":{"line":3,"column":13},"end":{"line":3,"column":44}},"3":{"start":{"line":5,"column":10},"end":{"line":5,"column":33}},"4":{"start":{"line":6,"column":13},"end":{"line":6,"column":32}},"5":{"start":{"line":8,"column":0},"end":{"line":40,"column":4}},"6":{"start":{"line":9,"column":4},"end":{"line":39,"column":5}},"7":{"start":{"line":11,"column":8},"end":{"line":17,"column":9}},"8":{"start":{"line":12,"column":12},"end":{"line":12,"column":31}},"9":{"start":{"line":13,"column":14},"end":{"line":17,"column":9}},"10":{"start":{"line":14,"column":12},"end":{"line":14,"column":30}},"11":{"start":{"line":16,"column":12},"end":{"line":16,"column":72}},"12":{"start":{"line":18,"column":8},"end":{"line":18,"column":62}},"13":{"start":{"line":20,"column":21},"end":{"line":20,"column":57}},"14":{"start":{"line":21,"column":8},"end":{"line":21,"column":54}},"15":{"start":{"line":22,"column":8},"end":{"line":24,"column":9}},"16":{"start":{"line":23,"column":12},"end":{"line":23,"column":81}},"17":{"start":{"line":26,"column":21},"end":{"line":32,"column":12}},"18":{"start":{"line":34,"column":8},"end":{"line":34,"column":26}},"19":{"start":{"line":35,"column":8},"end":{"line":35,"column":57}},"20":{"start":{"line":36,"column":8},"end":{"line":36,"column":35}},"21":{"start":{"line":38,"column":8},"end":{"line":38,"column":62}},"22":{"start":{"line":42,"column":2},"end":{"line":81,"column":4}},"23":{"start":{"line":43,"column":4},"end":{"line":80,"column":5}},"24":{"start":{"line":44,"column":21},"end":{"line":44,"column":79}},"25":{"start":{"line":46,"column":8},"end":{"line":48,"column":9}},"26":{"start":{"line":47,"column":12},"end":{"line":47,"column":72}},"27":{"start":{"line":50,"column":32},"end":{"line":50,"column":92}},"28":{"start":{"line":52,"column":8},"end":{"line":57,"column":9}},"29":{"start":{"line":53,"column":12},"end":{"line":56,"column":15}},"30":{"start":{"line":59,"column":19},"end":{"line":59,"column":65}},"31":{"start":{"line":61,"column":6},"end":{"line":63,"column":7}},"32":{"start":{"line":62,"column":8},"end":{"line":62,"column":68}},"33":{"start":{"line":65,"column":20},"end":{"line":65,"column":91}},"34":{"start":{"line":67,"column":23},"end":{"line":67,"column":38}},"35":{"start":{"line":69,"column":6},"end":{"line":76,"column":9}},"36":{"start":{"line":77,"column":6},"end":{"line":77,"column":30}},"37":{"start":{"line":79,"column":6},"end":{"line":79,"column":53}}},"fnMap":{"0":{"name":"(anonymous_0)","decl":{"start":{"line":8,"column":17},"end":{"line":8,"column":18}},"loc":{"start":{"line":8,"column":36},"end":{"line":40,"column":3}},"line":8},"1":{"name":"(anonymous_1)","decl":{"start":{"line":42,"column":19},"end":{"line":42,"column":20}},"loc":{"start":{"line":42,"column":39},"end":{"line":81,"column":3}},"line":42}},"branchMap":{"0":{"loc":{"start":{"line":11,"column":8},"end":{"line":17,"column":9}},"type":"if","locations":[{"start":{"line":11,"column":8},"end":{"line":17,"column":9}},{"start":{"line":13,"column":14},"end":{"line":17,"column":9}}],"line":11},"1":{"loc":{"start":{"line":13,"column":14},"end":{"line":17,"column":9}},"type":"if","locations":[{"start":{"line":13,"column":14},"end":{"line":17,"column":9}},{"start":{"line":15,"column":13},"end":{"line":17,"column":9}}],"line":13},"2":{"loc":{"start":{"line":22,"column":8},"end":{"line":24,"column":9}},"type":"if","locations":[{"start":{"line":22,"column":8},"end":{"line":24,"column":9}},{"start":{},"end":{}}],"line":22},"3":{"loc":{"start":{"line":46,"column":8},"end":{"line":48,"column":9}},"type":"if","locations":[{"start":{"line":46,"column":8},"end":{"line":48,"column":9}},{"start":{},"end":{}}],"line":46},"4":{"loc":{"start":{"line":52,"column":8},"end":{"line":57,"column":9}},"type":"if","locations":[{"start":{"line":52,"column":8},"end":{"line":57,"column":9}},{"start":{},"end":{}}],"line":52},"5":{"loc":{"start":{"line":61,"column":6},"end":{"line":63,"column":7}},"type":"if","locations":[{"start":{"line":61,"column":6},"end":{"line":63,"column":7}},{"start":{},"end":{}}],"line":61}},"s":{"0":1,"1":1,"2":1,"3":1,"4":1,"5":1,"6":1,"7":1,"8":0,"9":1,"10":1,"11":0,"12":1,"13":1,"14":1,"15":1,"16":0,"17":1,"18":1,"19":1,"20":1,"21":1,"22":1,"23":3,"24":3,"25":3,"26":0,"27":3,"28":3,"29":3,"30":0,"31":0,"32":0,"33":0,"34":0,"35":0,"36":0,"37":0},"f":{"0":1,"1":3},"b":{"0":[0,1],"1":[1,0],"2":[0,1],"3":[0,3],"4":[3,0],"5":[0,0]},"_coverageSchema":"1a1c01bbd47fc00a2c39e90264f33305004495a9","hash":"ddf7c2bee8e65cc77723133754b558310c3a065b"}
,"/Users/katiavelasquez/Desktop/nodeBackenBookEnxachange/app/controllers/user.controller.js": {"path":"/Users/katiavelasquez/Desktop/nodeBackenBookEnxachange/app/controllers/user.controller.js","statementMap":{"0":{"start":{"line":1,"column":0},"end":{"line":3,"column":4}},"1":{"start":{"line":2,"column":4},"end":{"line":2,"column":44}},"2":{"start":{"line":5,"column":2},"end":{"line":7,"column":4}},"3":{"start":{"line":6,"column":4},"end":{"line":6,"column":42}},"4":{"start":{"line":9,"column":2},"end":{"line":11,"column":4}},"5":{"start":{"line":10,"column":4},"end":{"line":10,"column":43}}},"fnMap":{"0":{"name":"(anonymous_0)","decl":{"start":{"line":1,"column":20},"end":{"line":1,"column":21}},"loc":{"start":{"line":1,"column":34},"end":{"line":3,"column":3}},"line":1},"1":{"name":"(anonymous_1)","decl":{"start":{"line":5,"column":22},"end":{"line":5,"column":23}},"loc":{"start":{"line":5,"column":36},"end":{"line":7,"column":3}},"line":5},"2":{"name":"(anonymous_2)","decl":{"start":{"line":9,"column":23},"end":{"line":9,"column":24}},"loc":{"start":{"line":9,"column":37},"end":{"line":11,"column":3}},"line":9}},"branchMap":{},"s":{"0":1,"1":0,"2":1,"3":0,"4":1,"5":0},"f":{"0":0,"1":0,"2":0},"b":{},"_coverageSchema":"1a1c01bbd47fc00a2c39e90264f33305004495a9","hash":"b9b850a70bf42a2ef3dcda18e32b70d17a530e7e"}
,"/Users/katiavelasquez/Desktop/nodeBackenBookEnxachange/app/controllers/userBooks.controller.js": {"path":"/Users/katiavelasquez/Desktop/nodeBackenBookEnxachange/app/controllers/userBooks.controller.js","statementMap":{"0":{"start":{"line":1,"column":0},"end":{"line":1,"column":27}},"1":{"start":{"line":2,"column":11},"end":{"line":2,"column":31}},"2":{"start":{"line":3,"column":13},"end":{"line":3,"column":20}},"3":{"start":{"line":4,"column":13},"end":{"line":4,"column":20}},"4":{"start":{"line":6,"column":10},"end":{"line":6,"column":33}},"5":{"start":{"line":8,"column":0},"end":{"line":25,"column":2}},"6":{"start":{"line":9,"column":4},"end":{"line":24,"column":5}},"7":{"start":{"line":10,"column":17},"end":{"line":10,"column":30}},"8":{"start":{"line":11,"column":21},"end":{"line":11,"column":62}},"9":{"start":{"line":12,"column":8},"end":{"line":21,"column":9}},"10":{"start":{"line":13,"column":12},"end":{"line":13,"column":69}},"11":{"start":{"line":15,"column":26},"end":{"line":15,"column":36}},"12":{"start":{"line":16,"column":12},"end":{"line":20,"column":13}},"13":{"start":{"line":17,"column":16},"end":{"line":17,"column":44}},"14":{"start":{"line":19,"column":16},"end":{"line":19,"column":81}},"15":{"start":{"line":23,"column":8},"end":{"line":23,"column":64}},"16":{"start":{"line":27,"column":0},"end":{"line":44,"column":2}},"17":{"start":{"line":28,"column":15},"end":{"line":28,"column":28}},"18":{"start":{"line":29,"column":19},"end":{"line":29,"column":31}},"19":{"start":{"line":30,"column":4},"end":{"line":43,"column":5}},"20":{"start":{"line":31,"column":8},"end":{"line":40,"column":9}},"21":{"start":{"line":32,"column":25},"end":{"line":32,"column":52}},"22":{"start":{"line":33,"column":12},"end":{"line":37,"column":13}},"23":{"start":{"line":34,"column":16},"end":{"line":34,"column":43}},"24":{"start":{"line":36,"column":16},"end":{"line":36,"column":87}},"25":{"start":{"line":39,"column":12},"end":{"line":39,"column":81}},"26":{"start":{"line":42,"column":8},"end":{"line":42,"column":77}},"27":{"start":{"line":46,"column":0},"end":{"line":75,"column":1}},"28":{"start":{"line":47,"column":19},"end":{"line":47,"column":33}},"29":{"start":{"line":48,"column":4},"end":{"line":74,"column":5}},"30":{"start":{"line":49,"column":8},"end":{"line":71,"column":9}},"31":{"start":{"line":50,"column":12},"end":{"line":68,"column":15}},"32":{"start":{"line":63,"column":16},"end":{"line":67,"column":17}},"33":{"start":{"line":64,"column":20},"end":{"line":64,"column":108}},"34":{"start":{"line":66,"column":20},"end":{"line":66,"column":47}},"35":{"start":{"line":70,"column":12},"end":{"line":70,"column":81}},"36":{"start":{"line":73,"column":8},"end":{"line":73,"column":73}},"37":{"start":{"line":77,"column":0},"end":{"line":111,"column":2}},"38":{"start":{"line":78,"column":15},"end":{"line":78,"column":28}},"39":{"start":{"line":79,"column":17},"end":{"line":79,"column":47}},"40":{"start":{"line":80,"column":15},"end":{"line":80,"column":71}},"41":{"start":{"line":81,"column":4},"end":{"line":110,"column":5}},"42":{"start":{"line":82,"column":8},"end":{"line":93,"column":9}},"43":{"start":{"line":83,"column":12},"end":{"line":91,"column":15}},"44":{"start":{"line":92,"column":12},"end":{"line":92,"column":30}},"45":{"start":{"line":94,"column":8},"end":{"line":94,"column":34}},"46":{"start":{"line":95,"column":29},"end":{"line":101,"column":14}},"47":{"start":{"line":102,"column":8},"end":{"line":106,"column":9}},"48":{"start":{"line":103,"column":12},"end":{"line":103,"column":77}},"49":{"start":{"line":105,"column":12},"end":{"line":105,"column":67}},"50":{"start":{"line":109,"column":8},"end":{"line":109,"column":62}},"51":{"start":{"line":113,"column":0},"end":{"line":141,"column":2}},"52":{"start":{"line":114,"column":13},"end":{"line":114,"column":26}},"53":{"start":{"line":115,"column":19},"end":{"line":115,"column":36}},"54":{"start":{"line":117,"column":2},"end":{"line":140,"column":3}},"55":{"start":{"line":118,"column":17},"end":{"line":118,"column":49}},"56":{"start":{"line":119,"column":4},"end":{"line":121,"column":5}},"57":{"start":{"line":120,"column":6},"end":{"line":120,"column":78}},"58":{"start":{"line":123,"column":19},"end":{"line":123,"column":38}},"59":{"start":{"line":125,"column":17},"end":{"line":130,"column":11}},"60":{"start":{"line":132,"column":4},"end":{"line":134,"column":5}},"61":{"start":{"line":133,"column":6},"end":{"line":133,"column":80}},"62":{"start":{"line":136,"column":4},"end":{"line":136,"column":48}},"63":{"start":{"line":138,"column":4},"end":{"line":138,"column":51}},"64":{"start":{"line":139,"column":4},"end":{"line":139,"column":72}}},"fnMap":{"0":{"name":"(anonymous_0)","decl":{"start":{"line":8,"column":28},"end":{"line":8,"column":29}},"loc":{"start":{"line":8,"column":47},"end":{"line":25,"column":1}},"line":8},"1":{"name":"(anonymous_1)","decl":{"start":{"line":27,"column":22},"end":{"line":27,"column":23}},"loc":{"start":{"line":27,"column":40},"end":{"line":44,"column":1}},"line":27},"2":{"name":"(anonymous_2)","decl":{"start":{"line":46,"column":21},"end":{"line":46,"column":22}},"loc":{"start":{"line":46,"column":39},"end":{"line":75,"column":1}},"line":46},"3":{"name":"(anonymous_3)","decl":{"start":{"line":62,"column":18},"end":{"line":62,"column":19}},"loc":{"start":{"line":62,"column":33},"end":{"line":68,"column":13}},"line":62},"4":{"name":"(anonymous_4)","decl":{"start":{"line":77,"column":18},"end":{"line":77,"column":19}},"loc":{"start":{"line":77,"column":37},"end":{"line":111,"column":1}},"line":77},"5":{"name":"(anonymous_5)","decl":{"start":{"line":113,"column":21},"end":{"line":113,"column":22}},"loc":{"start":{"line":113,"column":41},"end":{"line":141,"column":1}},"line":113}},"branchMap":{"0":{"loc":{"start":{"line":12,"column":8},"end":{"line":21,"column":9}},"type":"if","locations":[{"start":{"line":12,"column":8},"end":{"line":21,"column":9}},{"start":{"line":14,"column":13},"end":{"line":21,"column":9}}],"line":12},"1":{"loc":{"start":{"line":16,"column":12},"end":{"line":20,"column":13}},"type":"if","locations":[{"start":{"line":16,"column":12},"end":{"line":20,"column":13}},{"start":{"line":18,"column":17},"end":{"line":20,"column":13}}],"line":16},"2":{"loc":{"start":{"line":31,"column":8},"end":{"line":40,"column":9}},"type":"if","locations":[{"start":{"line":31,"column":8},"end":{"line":40,"column":9}},{"start":{"line":38,"column":13},"end":{"line":40,"column":9}}],"line":31},"3":{"loc":{"start":{"line":33,"column":12},"end":{"line":37,"column":13}},"type":"if","locations":[{"start":{"line":33,"column":12},"end":{"line":37,"column":13}},{"start":{"line":35,"column":17},"end":{"line":37,"column":13}}],"line":33},"4":{"loc":{"start":{"line":49,"column":8},"end":{"line":71,"column":9}},"type":"if","locations":[{"start":{"line":49,"column":8},"end":{"line":71,"column":9}},{"start":{"line":69,"column":13},"end":{"line":71,"column":9}}],"line":49},"5":{"loc":{"start":{"line":63,"column":16},"end":{"line":67,"column":17}},"type":"if","locations":[{"start":{"line":63,"column":16},"end":{"line":67,"column":17}},{"start":{"line":65,"column":21},"end":{"line":67,"column":17}}],"line":63},"6":{"loc":{"start":{"line":82,"column":8},"end":{"line":93,"column":9}},"type":"if","locations":[{"start":{"line":82,"column":8},"end":{"line":93,"column":9}},{"start":{},"end":{}}],"line":82},"7":{"loc":{"start":{"line":102,"column":8},"end":{"line":106,"column":9}},"type":"if","locations":[{"start":{"line":102,"column":8},"end":{"line":106,"column":9}},{"start":{"line":104,"column":13},"end":{"line":106,"column":9}}],"line":102},"8":{"loc":{"start":{"line":119,"column":4},"end":{"line":121,"column":5}},"type":"if","locations":[{"start":{"line":119,"column":4},"end":{"line":121,"column":5}},{"start":{},"end":{}}],"line":119},"9":{"loc":{"start":{"line":132,"column":4},"end":{"line":134,"column":5}},"type":"if","locations":[{"start":{"line":132,"column":4},"end":{"line":134,"column":5}},{"start":{},"end":{}}],"line":132}},"s":{"0":1,"1":1,"2":1,"3":1,"4":1,"5":1,"6":0,"7":0,"8":0,"9":0,"10":0,"11":0,"12":0,"13":0,"14":0,"15":0,"16":1,"17":0,"18":0,"19":0,"20":0,"21":0,"22":0,"23":0,"24":0,"25":0,"26":0,"27":1,"28":0,"29":0,"30":0,"31":0,"32":0,"33":0,"34":0,"35":0,"36":0,"37":1,"38":0,"39":0,"40":0,"41":0,"42":0,"43":0,"44":0,"45":0,"46":0,"47":0,"48":0,"49":0,"50":0,"51":1,"52":0,"53":0,"54":0,"55":0,"56":0,"57":0,"58":0,"59":0,"60":0,"61":0,"62":0,"63":0,"64":0},"f":{"0":0,"1":0,"2":0,"3":0,"4":0,"5":0},"b":{"0":[0,0],"1":[0,0],"2":[0,0],"3":[0,0],"4":[0,0],"5":[0,0],"6":[0,0],"7":[0,0],"8":[0,0],"9":[0,0]},"_coverageSchema":"1a1c01bbd47fc00a2c39e90264f33305004495a9","hash":"10651460defba45166927bb73656c2a0d7f74de7"}
,"/Users/katiavelasquez/Desktop/nodeBackenBookEnxachange/app/middlewares/authJwt.js": {"path":"/Users/katiavelasquez/Desktop/nodeBackenBookEnxachange/app/middlewares/authJwt.js","statementMap":{"0":{"start":{"line":1,"column":0},"end":{"line":1,"column":27}},"1":{"start":{"line":2,"column":12},"end":{"line":2,"column":35}},"2":{"start":{"line":3,"column":15},"end":{"line":3,"column":50}},"3":{"start":{"line":4,"column":11},"end":{"line":4,"column":31}},"4":{"start":{"line":5,"column":13},"end":{"line":5,"column":20}},"5":{"start":{"line":6,"column":13},"end":{"line":6,"column":20}},"6":{"start":{"line":8,"column":0},"end":{"line":22,"column":2}},"7":{"start":{"line":9,"column":14},"end":{"line":9,"column":67}},"8":{"start":{"line":11,"column":2},"end":{"line":13,"column":3}},"9":{"start":{"line":12,"column":4},"end":{"line":12,"column":67}},"10":{"start":{"line":15,"column":2},"end":{"line":21,"column":5}},"11":{"start":{"line":16,"column":4},"end":{"line":18,"column":5}},"12":{"start":{"line":17,"column":6},"end":{"line":17,"column":64}},"13":{"start":{"line":19,"column":4},"end":{"line":19,"column":28}},"14":{"start":{"line":20,"column":4},"end":{"line":20,"column":11}},"15":{"start":{"line":24,"column":16},"end":{"line":50,"column":1}},"16":{"start":{"line":25,"column":2},"end":{"line":49,"column":5}},"17":{"start":{"line":26,"column":4},"end":{"line":29,"column":5}},"18":{"start":{"line":27,"column":6},"end":{"line":27,"column":45}},"19":{"start":{"line":28,"column":6},"end":{"line":28,"column":13}},"20":{"start":{"line":31,"column":4},"end":{"line":48,"column":6}},"21":{"start":{"line":36,"column":8},"end":{"line":39,"column":9}},"22":{"start":{"line":37,"column":10},"end":{"line":37,"column":49}},"23":{"start":{"line":38,"column":10},"end":{"line":38,"column":17}},"24":{"start":{"line":41,"column":8},"end":{"line":45,"column":11}},"25":{"start":{"line":42,"column":12},"end":{"line":44,"column":13}},"26":{"start":{"line":43,"column":16},"end":{"line":43,"column":23}},"27":{"start":{"line":46,"column":8},"end":{"line":46,"column":65}},"28":{"start":{"line":52,"column":16},"end":{"line":55,"column":1}},"29":{"start":{"line":56,"column":0},"end":{"line":56,"column":25}}},"fnMap":{"0":{"name":"(anonymous_0)","decl":{"start":{"line":8,"column":14},"end":{"line":8,"column":15}},"loc":{"start":{"line":8,"column":34},"end":{"line":22,"column":1}},"line":8},"1":{"name":"(anonymous_1)","decl":{"start":{"line":15,"column":44},"end":{"line":15,"column":45}},"loc":{"start":{"line":15,"column":62},"end":{"line":21,"column":3}},"line":15},"2":{"name":"(anonymous_2)","decl":{"start":{"line":24,"column":16},"end":{"line":24,"column":17}},"loc":{"start":{"line":24,"column":36},"end":{"line":50,"column":1}},"line":24},"3":{"name":"(anonymous_3)","decl":{"start":{"line":25,"column":33},"end":{"line":25,"column":34}},"loc":{"start":{"line":25,"column":48},"end":{"line":49,"column":3}},"line":25},"4":{"name":"(anonymous_4)","decl":{"start":{"line":35,"column":6},"end":{"line":35,"column":7}},"loc":{"start":{"line":35,"column":22},"end":{"line":47,"column":7}},"line":35},"5":{"name":"(anonymous_5)","decl":{"start":{"line":41,"column":22},"end":{"line":41,"column":23}},"loc":{"start":{"line":41,"column":29},"end":{"line":45,"column":9}},"line":41}},"branchMap":{"0":{"loc":{"start":{"line":11,"column":2},"end":{"line":13,"column":3}},"type":"if","locations":[{"start":{"line":11,"column":2},"end":{"line":13,"column":3}},{"start":{},"end":{}}],"line":11},"1":{"loc":{"start":{"line":16,"column":4},"end":{"line":18,"column":5}},"type":"if","locations":[{"start":{"line":16,"column":4},"end":{"line":18,"column":5}},{"start":{},"end":{}}],"line":16},"2":{"loc":{"start":{"line":26,"column":4},"end":{"line":29,"column":5}},"type":"if","locations":[{"start":{"line":26,"column":4},"end":{"line":29,"column":5}},{"start":{},"end":{}}],"line":26},"3":{"loc":{"start":{"line":36,"column":8},"end":{"line":39,"column":9}},"type":"if","locations":[{"start":{"line":36,"column":8},"end":{"line":39,"column":9}},{"start":{},"end":{}}],"line":36},"4":{"loc":{"start":{"line":42,"column":12},"end":{"line":44,"column":13}},"type":"if","locations":[{"start":{"line":42,"column":12},"end":{"line":44,"column":13}},{"start":{},"end":{}}],"line":42}},"s":{"0":1,"1":1,"2":1,"3":1,"4":1,"5":1,"6":1,"7":0,"8":0,"9":0,"10":0,"11":0,"12":0,"13":0,"14":0,"15":1,"16":0,"17":0,"18":0,"19":0,"20":0,"21":0,"22":0,"23":0,"24":0,"25":0,"26":0,"27":0,"28":1,"29":1},"f":{"0":0,"1":0,"2":0,"3":0,"4":0,"5":0},"b":{"0":[0,0],"1":[0,0],"2":[0,0],"3":[0,0],"4":[0,0]},"_coverageSchema":"1a1c01bbd47fc00a2c39e90264f33305004495a9","hash":"d5488aead8c3f9df65b3e6a7681f2aa1ded43ee2"}
,"/Users/katiavelasquez/Desktop/nodeBackenBookEnxachange/app/middlewares/index.js": {"path":"/Users/katiavelasquez/Desktop/nodeBackenBookEnxachange/app/middlewares/index.js","statementMap":{"0":{"start":{"line":1,"column":16},"end":{"line":1,"column":36}},"1":{"start":{"line":2,"column":21},"end":{"line":2,"column":46}},"2":{"start":{"line":4,"column":0},"end":{"line":7,"column":2}}},"fnMap":{},"branchMap":{},"s":{"0":1,"1":1,"2":1},"f":{},"b":{},"_coverageSchema":"1a1c01bbd47fc00a2c39e90264f33305004495a9","hash":"aeaacbeb02a02a928204a2754e8b00abe99ffb4c"}
,"/Users/katiavelasquez/Desktop/nodeBackenBookEnxachange/app/middlewares/verifySignUp.js": {"path":"/Users/katiavelasquez/Desktop/nodeBackenBookEnxachange/app/middlewares/verifySignUp.js","statementMap":{"0":{"start":{"line":1,"column":11},"end":{"line":1,"column":31}},"1":{"start":{"line":2,"column":14},"end":{"line":2,"column":22}},"2":{"start":{"line":3,"column":13},"end":{"line":3,"column":20}},"3":{"start":{"line":5,"column":31},"end":{"line":17,"column":1}},"4":{"start":{"line":6,"column":2},"end":{"line":16,"column":7}},"5":{"start":{"line":9,"column":6},"end":{"line":11,"column":7}},"6":{"start":{"line":10,"column":8},"end":{"line":10,"column":88}},"7":{"start":{"line":12,"column":6},"end":{"line":12,"column":13}},"8":{"start":{"line":15,"column":6},"end":{"line":15,"column":53}},"9":{"start":{"line":20,"column":26},"end":{"line":27,"column":1}},"10":{"start":{"line":21,"column":2},"end":{"line":25,"column":3}},"11":{"start":{"line":22,"column":4},"end":{"line":24,"column":8}},"12":{"start":{"line":26,"column":2},"end":{"line":26,"column":9}},"13":{"start":{"line":29,"column":21},"end":{"line":32,"column":1}},"14":{"start":{"line":34,"column":0},"end":{"line":34,"column":30}}},"fnMap":{"0":{"name":"(anonymous_0)","decl":{"start":{"line":5,"column":31},"end":{"line":5,"column":32}},"loc":{"start":{"line":5,"column":51},"end":{"line":17,"column":1}},"line":5},"1":{"name":"(anonymous_1)","decl":{"start":{"line":8,"column":10},"end":{"line":8,"column":11}},"loc":{"start":{"line":8,"column":20},"end":{"line":13,"column":5}},"line":8},"2":{"name":"(anonymous_2)","decl":{"start":{"line":14,"column":11},"end":{"line":14,"column":12}},"loc":{"start":{"line":14,"column":20},"end":{"line":16,"column":5}},"line":14},"3":{"name":"(anonymous_3)","decl":{"start":{"line":20,"column":26},"end":{"line":20,"column":27}},"loc":{"start":{"line":20,"column":46},"end":{"line":27,"column":1}},"line":20}},"branchMap":{"0":{"loc":{"start":{"line":9,"column":6},"end":{"line":11,"column":7}},"type":"if","locations":[{"start":{"line":9,"column":6},"end":{"line":11,"column":7}},{"start":{},"end":{}}],"line":9},"1":{"loc":{"start":{"line":21,"column":2},"end":{"line":25,"column":3}},"type":"if","locations":[{"start":{"line":21,"column":2},"end":{"line":25,"column":3}},{"start":{},"end":{}}],"line":21},"2":{"loc":{"start":{"line":21,"column":7},"end":{"line":21,"column":53}},"type":"binary-expr","locations":[{"start":{"line":21,"column":7},"end":{"line":21,"column":20}},{"start":{"line":21,"column":24},"end":{"line":21,"column":53}}],"line":21}},"s":{"0":1,"1":1,"2":1,"3":1,"4":1,"5":1,"6":0,"7":1,"8":0,"9":1,"10":1,"11":1,"12":1,"13":1,"14":1},"f":{"0":1,"1":1,"2":0,"3":1},"b":{"0":[0,1],"1":[1,0],"2":[1,1]},"_coverageSchema":"1a1c01bbd47fc00a2c39e90264f33305004495a9","hash":"8ddb339fab83fb93ff983570f9efa4241087079e"}
,"/Users/katiavelasquez/Desktop/nodeBackenBookEnxachange/app/models/book.model.js": {"path":"/Users/katiavelasquez/Desktop/nodeBackenBookEnxachange/app/models/book.model.js","statementMap":{"0":{"start":{"line":1,"column":17},"end":{"line":1,"column":36}},"1":{"start":{"line":3,"column":13},"end":{"line":14,"column":1}},"2":{"start":{"line":16,"column":0},"end":{"line":16,"column":22}}},"fnMap":{},"branchMap":{},"s":{"0":1,"1":1,"2":1},"f":{},"b":{},"_coverageSchema":"1a1c01bbd47fc00a2c39e90264f33305004495a9","hash":"4c8a7aee1f1fa37610ee032809d3c03233c1136b"}
,"/Users/katiavelasquez/Desktop/nodeBackenBookEnxachange/app/models/index.js": {"path":"/Users/katiavelasquez/Desktop/nodeBackenBookEnxachange/app/models/index.js","statementMap":{"0":{"start":{"line":1,"column":17},"end":{"line":1,"column":36}},"1":{"start":{"line":2,"column":0},"end":{"line":2,"column":34}},"2":{"start":{"line":4,"column":11},"end":{"line":4,"column":13}},"3":{"start":{"line":6,"column":0},"end":{"line":6,"column":23}},"4":{"start":{"line":8,"column":0},"end":{"line":8,"column":34}},"5":{"start":{"line":9,"column":0},"end":{"line":9,"column":34}},"6":{"start":{"line":10,"column":0},"end":{"line":10,"column":34}},"7":{"start":{"line":12,"column":0},"end":{"line":12,"column":18}},"8":{"start":{"line":14,"column":0},"end":{"line":14,"column":20}}},"fnMap":{},"branchMap":{},"s":{"0":1,"1":1,"2":1,"3":1,"4":1,"5":1,"6":1,"7":1,"8":1},"f":{},"b":{},"_coverageSchema":"1a1c01bbd47fc00a2c39e90264f33305004495a9","hash":"d3e22dba328c84841f0fbd13a01824b4b60390df"}
,"/Users/katiavelasquez/Desktop/nodeBackenBookEnxachange/app/models/role.model.js": {"path":"/Users/katiavelasquez/Desktop/nodeBackenBookEnxachange/app/models/role.model.js","statementMap":{"0":{"start":{"line":1,"column":17},"end":{"line":1,"column":36}},"1":{"start":{"line":3,"column":13},"end":{"line":9,"column":1}},"2":{"start":{"line":11,"column":0},"end":{"line":11,"column":22}}},"fnMap":{},"branchMap":{},"s":{"0":1,"1":1,"2":1},"f":{},"b":{},"_coverageSchema":"1a1c01bbd47fc00a2c39e90264f33305004495a9","hash":"850eb490ae68e8719eb461065762f48f1e40bfd1"}
,"/Users/katiavelasquez/Desktop/nodeBackenBookEnxachange/app/models/user.model.js": {"path":"/Users/katiavelasquez/Desktop/nodeBackenBookEnxachange/app/models/user.model.js","statementMap":{"0":{"start":{"line":1,"column":17},"end":{"line":1,"column":36}},"1":{"start":{"line":3,"column":13},"end":{"line":18,"column":1}},"2":{"start":{"line":20,"column":0},"end":{"line":20,"column":22}}},"fnMap":{},"branchMap":{},"s":{"0":1,"1":1,"2":1},"f":{},"b":{},"_coverageSchema":"1a1c01bbd47fc00a2c39e90264f33305004495a9","hash":"0d31cfd2b956bd0503ad24a11a0ea2f43a456457"}
,"/Users/katiavelasquez/Desktop/nodeBackenBookEnxachange/app/routes/auth.routes.js": {"path":"/Users/katiavelasquez/Desktop/nodeBackenBookEnxachange/app/routes/auth.routes.js","statementMap":{"0":{"start":{"line":1,"column":25},"end":{"line":1,"column":50}},"1":{"start":{"line":2,"column":19},"end":{"line":2,"column":61}},"2":{"start":{"line":4,"column":0},"end":{"line":22,"column":2}},"3":{"start":{"line":5,"column":2},"end":{"line":11,"column":5}},"4":{"start":{"line":6,"column":4},"end":{"line":9,"column":6}},"5":{"start":{"line":10,"column":4},"end":{"line":10,"column":11}},"6":{"start":{"line":13,"column":2},"end":{"line":20,"column":4}},"7":{"start":{"line":21,"column":2},"end":{"line":21,"column":50}}},"fnMap":{"0":{"name":"(anonymous_0)","decl":{"start":{"line":4,"column":17},"end":{"line":4,"column":18}},"loc":{"start":{"line":4,"column":31},"end":{"line":22,"column":1}},"line":4},"1":{"name":"(anonymous_1)","decl":{"start":{"line":5,"column":10},"end":{"line":5,"column":11}},"loc":{"start":{"line":5,"column":35},"end":{"line":11,"column":3}},"line":5}},"branchMap":{},"s":{"0":1,"1":1,"2":1,"3":1,"4":4,"5":4,"6":1,"7":1},"f":{"0":1,"1":4},"b":{},"_coverageSchema":"1a1c01bbd47fc00a2c39e90264f33305004495a9","hash":"8425a0b29ef855d2e7f60b6949fbe1066de3baa8"}
,"/Users/katiavelasquez/Desktop/nodeBackenBookEnxachange/app/routes/user.routes.js": {"path":"/Users/katiavelasquez/Desktop/nodeBackenBookEnxachange/app/routes/user.routes.js","statementMap":{"0":{"start":{"line":1,"column":20},"end":{"line":1,"column":45}},"1":{"start":{"line":2,"column":19},"end":{"line":2,"column":60}},"2":{"start":{"line":5,"column":0},"end":{"line":23,"column":2}},"3":{"start":{"line":6,"column":2},"end":{"line":12,"column":5}},"4":{"start":{"line":7,"column":4},"end":{"line":10,"column":6}},"5":{"start":{"line":11,"column":4},"end":{"line":11,"column":11}},"6":{"start":{"line":14,"column":2},"end":{"line":14,"column":49}},"7":{"start":{"line":16,"column":2},"end":{"line":16,"column":73}},"8":{"start":{"line":18,"column":2},"end":{"line":22,"column":4}}},"fnMap":{"0":{"name":"(anonymous_0)","decl":{"start":{"line":5,"column":17},"end":{"line":5,"column":18}},"loc":{"start":{"line":5,"column":31},"end":{"line":23,"column":1}},"line":5},"1":{"name":"(anonymous_1)","decl":{"start":{"line":6,"column":10},"end":{"line":6,"column":11}},"loc":{"start":{"line":6,"column":35},"end":{"line":12,"column":3}},"line":6}},"branchMap":{},"s":{"0":1,"1":1,"2":1,"3":1,"4":0,"5":0,"6":1,"7":1,"8":1},"f":{"0":1,"1":0},"b":{},"_coverageSchema":"1a1c01bbd47fc00a2c39e90264f33305004495a9","hash":"a8195fa6b4673e223e7d455fb325b014d37752cf"}
,"/Users/katiavelasquez/Desktop/nodeBackenBookEnxachange/app/routes/userBooks.routes.js": {"path":"/Users/katiavelasquez/Desktop/nodeBackenBookEnxachange/app/routes/userBooks.routes.js","statementMap":{"0":{"start":{"line":1,"column":20},"end":{"line":1,"column":45}},"1":{"start":{"line":2,"column":19},"end":{"line":2,"column":65}},"2":{"start":{"line":4,"column":0},"end":{"line":40,"column":2}},"3":{"start":{"line":5,"column":2},"end":{"line":11,"column":5}},"4":{"start":{"line":6,"column":4},"end":{"line":9,"column":6}},"5":{"start":{"line":10,"column":4},"end":{"line":10,"column":11}},"6":{"start":{"line":13,"column":2},"end":{"line":19,"column":4}},"7":{"start":{"line":21,"column":2},"end":{"line":27,"column":4}},"8":{"start":{"line":29,"column":2},"end":{"line":33,"column":22}},"9":{"start":{"line":35,"column":2},"end":{"line":39,"column":25}}},"fnMap":{"0":{"name":"(anonymous_0)","decl":{"start":{"line":4,"column":17},"end":{"line":4,"column":18}},"loc":{"start":{"line":4,"column":31},"end":{"line":40,"column":1}},"line":4},"1":{"name":"(anonymous_1)","decl":{"start":{"line":5,"column":10},"end":{"line":5,"column":11}},"loc":{"start":{"line":5,"column":35},"end":{"line":11,"column":3}},"line":5}},"branchMap":{},"s":{"0":1,"1":1,"2":1,"3":1,"4":0,"5":0,"6":1,"7":1,"8":1,"9":1},"f":{"0":1,"1":0},"b":{},"_coverageSchema":"1a1c01bbd47fc00a2c39e90264f33305004495a9","hash":"07243836f94ac31c3f7c24419c2f7f216b96d183"}
,"/Users/katiavelasquez/Desktop/nodeBackenBookEnxachange/app/test/test-db-config.js": {"path":"/Users/katiavelasquez/Desktop/nodeBackenBookEnxachange/app/test/test-db-config.js","statementMap":{"0":{"start":{"line":1,"column":17},"end":{"line":1,"column":36}},"1":{"start":{"line":2,"column":30},"end":{"line":2,"column":62}},"2":{"start":{"line":5,"column":18},"end":{"line":5,"column":23}},"3":{"start":{"line":7,"column":0},"end":{"line":24,"column":2}},"4":{"start":{"line":8,"column":2},"end":{"line":23,"column":3}},"5":{"start":{"line":9,"column":4},"end":{"line":9,"column":51}},"6":{"start":{"line":10,"column":16},"end":{"line":10,"column":36}},"7":{"start":{"line":12,"column":25},"end":{"line":15,"column":5}},"8":{"start":{"line":17,"column":4},"end":{"line":19,"column":7}},"9":{"start":{"line":18,"column":6},"end":{"line":18,"column":54}},"10":{"start":{"line":21,"column":4},"end":{"line":21,"column":46}},"11":{"start":{"line":22,"column":4},"end":{"line":22,"column":23}},"12":{"start":{"line":26,"column":0},"end":{"line":34,"column":2}},"13":{"start":{"line":27,"column":2},"end":{"line":33,"column":3}},"14":{"start":{"line":28,"column":4},"end":{"line":28,"column":45}},"15":{"start":{"line":29,"column":4},"end":{"line":29,"column":38}},"16":{"start":{"line":30,"column":4},"end":{"line":30,"column":29}},"17":{"start":{"line":32,"column":4},"end":{"line":32,"column":24}}},"fnMap":{"0":{"name":"(anonymous_0)","decl":{"start":{"line":7,"column":25},"end":{"line":7,"column":26}},"loc":{"start":{"line":7,"column":37},"end":{"line":24,"column":1}},"line":7},"1":{"name":"(anonymous_1)","decl":{"start":{"line":17,"column":36},"end":{"line":17,"column":37}},"loc":{"start":{"line":17,"column":45},"end":{"line":19,"column":5}},"line":17},"2":{"name":"(anonymous_2)","decl":{"start":{"line":26,"column":31},"end":{"line":26,"column":32}},"loc":{"start":{"line":26,"column":43},"end":{"line":34,"column":1}},"line":26}},"branchMap":{"0":{"loc":{"start":{"line":8,"column":2},"end":{"line":23,"column":3}},"type":"if","locations":[{"start":{"line":8,"column":2},"end":{"line":23,"column":3}},{"start":{},"end":{}}],"line":8},"1":{"loc":{"start":{"line":27,"column":2},"end":{"line":33,"column":3}},"type":"if","locations":[{"start":{"line":27,"column":2},"end":{"line":33,"column":3}},{"start":{},"end":{}}],"line":27}},"s":{"0":1,"1":1,"2":1,"3":1,"4":1,"5":1,"6":1,"7":1,"8":1,"9":0,"10":1,"11":1,"12":1,"13":1,"14":1,"15":1,"16":1,"17":1},"f":{"0":1,"1":0,"2":1},"b":{"0":[1,0],"1":[1,0]},"_coverageSchema":"1a1c01bbd47fc00a2c39e90264f33305004495a9","hash":"888c353f17666b55c8c2744d8de9d209e58ad7ce"}
}
