{"/Users/katiavelasquez/Desktop/nodeBackenBookEnxachange/server.js": {"path":"/Users/katiavelasquez/Desktop/nodeBackenBookEnxachange/server.js","statementMap":{"0":{"start":{"line":1,"column":0},"end":{"line":1,"column":27}},"1":{"start":{"line":2,"column":16},"end":{"line":2,"column":34}},"2":{"start":{"line":3,"column":13},"end":{"line":3,"column":28}},"3":{"start":{"line":4,"column":18},"end":{"line":4,"column":47}},"4":{"start":{"line":5,"column":18},"end":{"line":5,"column":43}},"5":{"start":{"line":7,"column":12},"end":{"line":7,"column":21}},"6":{"start":{"line":9,"column":0},"end":{"line":9,"column":24}},"7":{"start":{"line":11,"column":11},"end":{"line":11,"column":34}},"8":{"start":{"line":12,"column":13},"end":{"line":12,"column":20}},"9":{"start":{"line":17,"column":18},"end":{"line":20,"column":1}},"10":{"start":{"line":22,"column":0},"end":{"line":22,"column":27}},"11":{"start":{"line":24,"column":0},"end":{"line":24,"column":48}},"12":{"start":{"line":26,"column":0},"end":{"line":28,"column":3}},"13":{"start":{"line":27,"column":2},"end":{"line":27,"column":98}},"14":{"start":{"line":30,"column":0},"end":{"line":30,"column":41}},"15":{"start":{"line":31,"column":0},"end":{"line":31,"column":41}},"16":{"start":{"line":32,"column":0},"end":{"line":32,"column":46}},"17":{"start":{"line":34,"column":13},"end":{"line":34,"column":17}},"18":{"start":{"line":36,"column":0},"end":{"line":40,"column":2}},"19":{"start":{"line":42,"column":0},"end":{"line":59,"column":1}},"20":{"start":{"line":43,"column":2},"end":{"line":55,"column":7}},"21":{"start":{"line":49,"column":6},"end":{"line":49,"column":54}},"22":{"start":{"line":50,"column":6},"end":{"line":50,"column":16}},"23":{"start":{"line":53,"column":6},"end":{"line":53,"column":45}},"24":{"start":{"line":56,"column":4},"end":{"line":58,"column":7}},"25":{"start":{"line":57,"column":6},"end":{"line":57,"column":56}},"26":{"start":{"line":63,"column":2},"end":{"line":80,"column":3}},"27":{"start":{"line":64,"column":18},"end":{"line":64,"column":53}},"28":{"start":{"line":65,"column":4},"end":{"line":77,"column":5}},"29":{"start":{"line":66,"column":6},"end":{"line":75,"column":9}},"30":{"start":{"line":76,"column":6},"end":{"line":76,"column":66}},"31":{"start":{"line":79,"column":4},"end":{"line":79,"column":51}},"32":{"start":{"line":83,"column":0},"end":{"line":83,"column":21}}},"fnMap":{"0":{"name":"(anonymous_0)","decl":{"start":{"line":26,"column":13},"end":{"line":26,"column":14}},"loc":{"start":{"line":26,"column":27},"end":{"line":28,"column":1}},"line":26},"1":{"name":"(anonymous_1)","decl":{"start":{"line":48,"column":10},"end":{"line":48,"column":11}},"loc":{"start":{"line":48,"column":16},"end":{"line":51,"column":5}},"line":48},"2":{"name":"(anonymous_2)","decl":{"start":{"line":52,"column":11},"end":{"line":52,"column":12}},"loc":{"start":{"line":52,"column":18},"end":{"line":55,"column":5}},"line":52},"3":{"name":"(anonymous_3)","decl":{"start":{"line":56,"column":21},"end":{"line":56,"column":22}},"loc":{"start":{"line":56,"column":27},"end":{"line":58,"column":5}},"line":56},"4":{"name":"initial","decl":{"start":{"line":62,"column":15},"end":{"line":62,"column":22}},"loc":{"start":{"line":62,"column":25},"end":{"line":81,"column":1}},"line":62}},"branchMap":{"0":{"loc":{"start":{"line":42,"column":0},"end":{"line":59,"column":1}},"type":"if","locations":[{"start":{"line":42,"column":0},"end":{"line":59,"column":1}},{"start":{},"end":{}}],"line":42},"1":{"loc":{"start":{"line":65,"column":4},"end":{"line":77,"column":5}},"type":"if","locations":[{"start":{"line":65,"column":4},"end":{"line":77,"column":5}},{"start":{},"end":{}}],"line":65}},"s":{"0":1,"1":1,"2":1,"3":1,"4":1,"5":1,"6":1,"7":1,"8":1,"9":1,"10":1,"11":1,"12":1,"13":0,"14":1,"15":1,"16":1,"17":1,"18":1,"19":1,"20":0,"21":0,"22":0,"23":0,"24":0,"25":0,"26":0,"27":0,"28":0,"29":0,"30":0,"31":0,"32":1},"f":{"0":0,"1":0,"2":0,"3":0,"4":0},"b":{"0":[0,1],"1":[0,0]},"_coverageSchema":"1a1c01bbd47fc00a2c39e90264f33305004495a9","hash":"f8763daa0af3290e05b186ce4cf291221d2d74cc"}
,"/Users/katiavelasquez/Desktop/nodeBackenBookEnxachange/app/config/auth.config.js": {"path":"/Users/katiavelasquez/Desktop/nodeBackenBookEnxachange/app/config/auth.config.js","statementMap":{"0":{"start":{"line":1,"column":0},"end":{"line":3,"column":4}}},"fnMap":{},"branchMap":{},"s":{"0":1},"f":{},"b":{},"_coverageSchema":"1a1c01bbd47fc00a2c39e90264f33305004495a9","hash":"beb4638c023b9ae1b0bc32c84c72d6b1fc4f7aba"}
,"/Users/katiavelasquez/Desktop/nodeBackenBookEnxachange/app/config/roleTest.js": {"path":"/Users/katiavelasquez/Desktop/nodeBackenBookEnxachange/app/config/roleTest.js","statementMap":{"0":{"start":{"line":1,"column":17},"end":{"line":4,"column":1}},"1":{"start":{"line":5,"column":16},"end":{"line":8,"column":1}},"2":{"start":{"line":10,"column":0},"end":{"line":13,"column":1}}},"fnMap":{},"branchMap":{},"s":{"0":1,"1":1,"2":1},"f":{},"b":{},"_coverageSchema":"1a1c01bbd47fc00a2c39e90264f33305004495a9","hash":"b3f8f83f5a63d740218723fa32fd3dc9b7774683"}
,"/Users/katiavelasquez/Desktop/nodeBackenBookEnxachange/app/config/testBook.js": {"path":"/Users/katiavelasquez/Desktop/nodeBackenBookEnxachange/app/config/testBook.js","statementMap":{"0":{"start":{"line":1,"column":17},"end":{"line":9,"column":1}},"1":{"start":{"line":11,"column":22},"end":{"line":20,"column":5}},"2":{"start":{"line":23,"column":0},"end":{"line":26,"column":1}}},"fnMap":{},"branchMap":{},"s":{"0":1,"1":1,"2":1},"f":{},"b":{},"_coverageSchema":"1a1c01bbd47fc00a2c39e90264f33305004495a9","hash":"c8671f271ada8a5533a921532f5d717f31aa8840"}
,"/Users/katiavelasquez/Desktop/nodeBackenBookEnxachange/app/config/testData.js": {"path":"/Users/katiavelasquez/Desktop/nodeBackenBookEnxachange/app/config/testData.js","statementMap":{"0":{"start":{"line":1,"column":18},"end":{"line":4,"column":1}},"1":{"start":{"line":5,"column":27},"end":{"line":8,"column":1}},"2":{"start":{"line":9,"column":27},"end":{"line":12,"column":1}},"3":{"start":{"line":13,"column":18},"end":{"line":15,"column":1}},"4":{"start":{"line":17,"column":0},"end":{"line":22,"column":1}}},"fnMap":{},"branchMap":{},"s":{"0":1,"1":1,"2":1,"3":1,"4":1},"f":{},"b":{},"_coverageSchema":"1a1c01bbd47fc00a2c39e90264f33305004495a9","hash":"6a79bc340fa598fa3fa6d9c72082c0f3c1391acf"}
,"/Users/katiavelasquez/Desktop/nodeBackenBookEnxachange/app/config/testUsersSigIn.js": {"path":"/Users/katiavelasquez/Desktop/nodeBackenBookEnxachange/app/config/testUsersSigIn.js","statementMap":{"0":{"start":{"line":1,"column":16},"end":{"line":7,"column":1}},"1":{"start":{"line":8,"column":22},"end":{"line":14,"column":1}},"2":{"start":{"line":16,"column":0},"end":{"line":19,"column":1}}},"fnMap":{},"branchMap":{},"s":{"0":1,"1":1,"2":1},"f":{},"b":{},"_coverageSchema":"1a1c01bbd47fc00a2c39e90264f33305004495a9","hash":"b0ca17cf322f64f7d3e30e4505d336dbf9e5898b"}
,"/Users/katiavelasquez/Desktop/nodeBackenBookEnxachange/app/controllers/auth.controllers.js": {"path":"/Users/katiavelasquez/Desktop/nodeBackenBookEnxachange/app/controllers/auth.controllers.js","statementMap":{"0":{"start":{"line":1,"column":0},"end":{"line":1,"column":27}},"1":{"start":{"line":2,"column":13},"end":{"line":2,"column":44}},"2":{"start":{"line":3,"column":13},"end":{"line":3,"column":44}},"3":{"start":{"line":5,"column":10},"end":{"line":5,"column":33}},"4":{"start":{"line":6,"column":13},"end":{"line":6,"column":32}},"5":{"start":{"line":8,"column":0},"end":{"line":37,"column":4}},"6":{"start":{"line":9,"column":4},"end":{"line":36,"column":5}},"7":{"start":{"line":11,"column":8},"end":{"line":17,"column":9}},"8":{"start":{"line":12,"column":12},"end":{"line":12,"column":31}},"9":{"start":{"line":13,"column":14},"end":{"line":17,"column":9}},"10":{"start":{"line":14,"column":12},"end":{"line":14,"column":30}},"11":{"start":{"line":16,"column":12},"end":{"line":16,"column":72}},"12":{"start":{"line":19,"column":21},"end":{"line":19,"column":57}},"13":{"start":{"line":20,"column":8},"end":{"line":22,"column":9}},"14":{"start":{"line":21,"column":12},"end":{"line":21,"column":81}},"15":{"start":{"line":24,"column":21},"end":{"line":30,"column":12}},"16":{"start":{"line":32,"column":8},"end":{"line":32,"column":26}},"17":{"start":{"line":33,"column":8},"end":{"line":33,"column":35}},"18":{"start":{"line":35,"column":8},"end":{"line":35,"column":62}},"19":{"start":{"line":39,"column":2},"end":{"line":77,"column":4}},"20":{"start":{"line":40,"column":4},"end":{"line":76,"column":5}},"21":{"start":{"line":41,"column":21},"end":{"line":41,"column":79}},"22":{"start":{"line":43,"column":8},"end":{"line":45,"column":9}},"23":{"start":{"line":44,"column":12},"end":{"line":44,"column":72}},"24":{"start":{"line":47,"column":32},"end":{"line":47,"column":92}},"25":{"start":{"line":49,"column":8},"end":{"line":54,"column":9}},"26":{"start":{"line":50,"column":12},"end":{"line":53,"column":15}},"27":{"start":{"line":56,"column":19},"end":{"line":56,"column":65}},"28":{"start":{"line":58,"column":6},"end":{"line":60,"column":7}},"29":{"start":{"line":59,"column":8},"end":{"line":59,"column":68}},"30":{"start":{"line":62,"column":20},"end":{"line":62,"column":91}},"31":{"start":{"line":64,"column":23},"end":{"line":64,"column":38}},"32":{"start":{"line":66,"column":6},"end":{"line":73,"column":9}},"33":{"start":{"line":75,"column":6},"end":{"line":75,"column":53}}},"fnMap":{"0":{"name":"(anonymous_0)","decl":{"start":{"line":8,"column":17},"end":{"line":8,"column":18}},"loc":{"start":{"line":8,"column":36},"end":{"line":37,"column":3}},"line":8},"1":{"name":"(anonymous_1)","decl":{"start":{"line":39,"column":19},"end":{"line":39,"column":20}},"loc":{"start":{"line":39,"column":39},"end":{"line":77,"column":3}},"line":39}},"branchMap":{"0":{"loc":{"start":{"line":11,"column":8},"end":{"line":17,"column":9}},"type":"if","locations":[{"start":{"line":11,"column":8},"end":{"line":17,"column":9}},{"start":{"line":13,"column":14},"end":{"line":17,"column":9}}],"line":11},"1":{"loc":{"start":{"line":13,"column":14},"end":{"line":17,"column":9}},"type":"if","locations":[{"start":{"line":13,"column":14},"end":{"line":17,"column":9}},{"start":{"line":15,"column":13},"end":{"line":17,"column":9}}],"line":13},"2":{"loc":{"start":{"line":20,"column":8},"end":{"line":22,"column":9}},"type":"if","locations":[{"start":{"line":20,"column":8},"end":{"line":22,"column":9}},{"start":{},"end":{}}],"line":20},"3":{"loc":{"start":{"line":43,"column":8},"end":{"line":45,"column":9}},"type":"if","locations":[{"start":{"line":43,"column":8},"end":{"line":45,"column":9}},{"start":{},"end":{}}],"line":43},"4":{"loc":{"start":{"line":49,"column":8},"end":{"line":54,"column":9}},"type":"if","locations":[{"start":{"line":49,"column":8},"end":{"line":54,"column":9}},{"start":{},"end":{}}],"line":49},"5":{"loc":{"start":{"line":58,"column":6},"end":{"line":60,"column":7}},"type":"if","locations":[{"start":{"line":58,"column":6},"end":{"line":60,"column":7}},{"start":{},"end":{}}],"line":58}},"s":{"0":1,"1":1,"2":1,"3":1,"4":1,"5":1,"6":2,"7":2,"8":0,"9":2,"10":2,"11":0,"12":2,"13":2,"14":0,"15":2,"16":2,"17":2,"18":0,"19":1,"20":3,"21":3,"22":3,"23":0,"24":3,"25":3,"26":1,"27":2,"28":2,"29":0,"30":2,"31":2,"32":2,"33":0},"f":{"0":2,"1":3},"b":{"0":[0,2],"1":[2,0],"2":[0,2],"3":[0,3],"4":[1,2],"5":[0,2]},"_coverageSchema":"1a1c01bbd47fc00a2c39e90264f33305004495a9","hash":"47ddc72e83d0a515f58bdf83acbb957bca908229"}
,"/Users/katiavelasquez/Desktop/nodeBackenBookEnxachange/app/controllers/user.controller.js": {"path":"/Users/katiavelasquez/Desktop/nodeBackenBookEnxachange/app/controllers/user.controller.js","statementMap":{"0":{"start":{"line":1,"column":0},"end":{"line":3,"column":4}},"1":{"start":{"line":2,"column":4},"end":{"line":2,"column":44}},"2":{"start":{"line":5,"column":2},"end":{"line":7,"column":4}},"3":{"start":{"line":6,"column":4},"end":{"line":6,"column":42}},"4":{"start":{"line":9,"column":2},"end":{"line":11,"column":4}},"5":{"start":{"line":10,"column":4},"end":{"line":10,"column":43}}},"fnMap":{"0":{"name":"(anonymous_0)","decl":{"start":{"line":1,"column":20},"end":{"line":1,"column":21}},"loc":{"start":{"line":1,"column":34},"end":{"line":3,"column":3}},"line":1},"1":{"name":"(anonymous_1)","decl":{"start":{"line":5,"column":22},"end":{"line":5,"column":23}},"loc":{"start":{"line":5,"column":36},"end":{"line":7,"column":3}},"line":5},"2":{"name":"(anonymous_2)","decl":{"start":{"line":9,"column":23},"end":{"line":9,"column":24}},"loc":{"start":{"line":9,"column":37},"end":{"line":11,"column":3}},"line":9}},"branchMap":{},"s":{"0":1,"1":0,"2":1,"3":0,"4":1,"5":0},"f":{"0":0,"1":0,"2":0},"b":{},"_coverageSchema":"1a1c01bbd47fc00a2c39e90264f33305004495a9","hash":"b9b850a70bf42a2ef3dcda18e32b70d17a530e7e"}
,"/Users/katiavelasquez/Desktop/nodeBackenBookEnxachange/app/controllers/userBooks.controller.js": {"path":"/Users/katiavelasquez/Desktop/nodeBackenBookEnxachange/app/controllers/userBooks.controller.js","statementMap":{"0":{"start":{"line":1,"column":0},"end":{"line":1,"column":27}},"1":{"start":{"line":2,"column":11},"end":{"line":2,"column":31}},"2":{"start":{"line":3,"column":13},"end":{"line":3,"column":20}},"3":{"start":{"line":4,"column":13},"end":{"line":4,"column":20}},"4":{"start":{"line":6,"column":10},"end":{"line":6,"column":33}},"5":{"start":{"line":8,"column":0},"end":{"line":26,"column":2}},"6":{"start":{"line":9,"column":4},"end":{"line":25,"column":5}},"7":{"start":{"line":10,"column":17},"end":{"line":10,"column":30}},"8":{"start":{"line":11,"column":21},"end":{"line":11,"column":62}},"9":{"start":{"line":12,"column":8},"end":{"line":22,"column":9}},"10":{"start":{"line":13,"column":12},"end":{"line":13,"column":69}},"11":{"start":{"line":15,"column":26},"end":{"line":15,"column":36}},"12":{"start":{"line":16,"column":12},"end":{"line":16,"column":62}},"13":{"start":{"line":17,"column":12},"end":{"line":21,"column":13}},"14":{"start":{"line":18,"column":16},"end":{"line":18,"column":44}},"15":{"start":{"line":20,"column":16},"end":{"line":20,"column":81}},"16":{"start":{"line":24,"column":8},"end":{"line":24,"column":64}},"17":{"start":{"line":28,"column":0},"end":{"line":45,"column":2}},"18":{"start":{"line":29,"column":15},"end":{"line":29,"column":28}},"19":{"start":{"line":30,"column":19},"end":{"line":30,"column":31}},"20":{"start":{"line":31,"column":4},"end":{"line":44,"column":5}},"21":{"start":{"line":32,"column":8},"end":{"line":41,"column":9}},"22":{"start":{"line":33,"column":25},"end":{"line":33,"column":52}},"23":{"start":{"line":34,"column":12},"end":{"line":38,"column":13}},"24":{"start":{"line":35,"column":16},"end":{"line":35,"column":43}},"25":{"start":{"line":37,"column":16},"end":{"line":37,"column":87}},"26":{"start":{"line":40,"column":12},"end":{"line":40,"column":81}},"27":{"start":{"line":43,"column":8},"end":{"line":43,"column":77}},"28":{"start":{"line":47,"column":0},"end":{"line":76,"column":1}},"29":{"start":{"line":48,"column":19},"end":{"line":48,"column":33}},"30":{"start":{"line":49,"column":4},"end":{"line":75,"column":5}},"31":{"start":{"line":50,"column":8},"end":{"line":72,"column":9}},"32":{"start":{"line":51,"column":12},"end":{"line":69,"column":15}},"33":{"start":{"line":64,"column":16},"end":{"line":68,"column":17}},"34":{"start":{"line":65,"column":20},"end":{"line":65,"column":108}},"35":{"start":{"line":67,"column":20},"end":{"line":67,"column":47}},"36":{"start":{"line":71,"column":12},"end":{"line":71,"column":81}},"37":{"start":{"line":74,"column":8},"end":{"line":74,"column":73}},"38":{"start":{"line":78,"column":0},"end":{"line":118,"column":4}},"39":{"start":{"line":79,"column":15},"end":{"line":79,"column":28}},"40":{"start":{"line":80,"column":17},"end":{"line":80,"column":47}},"41":{"start":{"line":81,"column":15},"end":{"line":81,"column":66}},"42":{"start":{"line":82,"column":4},"end":{"line":117,"column":5}},"43":{"start":{"line":83,"column":8},"end":{"line":94,"column":9}},"44":{"start":{"line":84,"column":12},"end":{"line":92,"column":15}},"45":{"start":{"line":93,"column":12},"end":{"line":93,"column":30}},"46":{"start":{"line":95,"column":8},"end":{"line":95,"column":34}},"47":{"start":{"line":96,"column":29},"end":{"line":96,"column":46}},"48":{"start":{"line":97,"column":8},"end":{"line":101,"column":9}},"49":{"start":{"line":98,"column":10},"end":{"line":98,"column":77}},"50":{"start":{"line":100,"column":10},"end":{"line":100,"column":88}},"51":{"start":{"line":116,"column":6},"end":{"line":116,"column":62}},"52":{"start":{"line":120,"column":0},"end":{"line":148,"column":2}},"53":{"start":{"line":121,"column":13},"end":{"line":121,"column":26}},"54":{"start":{"line":122,"column":19},"end":{"line":122,"column":36}},"55":{"start":{"line":124,"column":2},"end":{"line":147,"column":3}},"56":{"start":{"line":125,"column":17},"end":{"line":125,"column":49}},"57":{"start":{"line":126,"column":4},"end":{"line":128,"column":5}},"58":{"start":{"line":127,"column":6},"end":{"line":127,"column":78}},"59":{"start":{"line":130,"column":19},"end":{"line":130,"column":38}},"60":{"start":{"line":132,"column":17},"end":{"line":137,"column":11}},"61":{"start":{"line":139,"column":4},"end":{"line":141,"column":5}},"62":{"start":{"line":140,"column":6},"end":{"line":140,"column":80}},"63":{"start":{"line":143,"column":4},"end":{"line":143,"column":48}},"64":{"start":{"line":145,"column":4},"end":{"line":145,"column":51}},"65":{"start":{"line":146,"column":4},"end":{"line":146,"column":72}}},"fnMap":{"0":{"name":"(anonymous_0)","decl":{"start":{"line":8,"column":28},"end":{"line":8,"column":29}},"loc":{"start":{"line":8,"column":47},"end":{"line":26,"column":1}},"line":8},"1":{"name":"(anonymous_1)","decl":{"start":{"line":28,"column":22},"end":{"line":28,"column":23}},"loc":{"start":{"line":28,"column":40},"end":{"line":45,"column":1}},"line":28},"2":{"name":"(anonymous_2)","decl":{"start":{"line":47,"column":21},"end":{"line":47,"column":22}},"loc":{"start":{"line":47,"column":39},"end":{"line":76,"column":1}},"line":47},"3":{"name":"(anonymous_3)","decl":{"start":{"line":63,"column":18},"end":{"line":63,"column":19}},"loc":{"start":{"line":63,"column":33},"end":{"line":69,"column":13}},"line":63},"4":{"name":"(anonymous_4)","decl":{"start":{"line":78,"column":18},"end":{"line":78,"column":19}},"loc":{"start":{"line":78,"column":38},"end":{"line":118,"column":3}},"line":78},"5":{"name":"(anonymous_5)","decl":{"start":{"line":120,"column":21},"end":{"line":120,"column":22}},"loc":{"start":{"line":120,"column":41},"end":{"line":148,"column":1}},"line":120}},"branchMap":{"0":{"loc":{"start":{"line":12,"column":8},"end":{"line":22,"column":9}},"type":"if","locations":[{"start":{"line":12,"column":8},"end":{"line":22,"column":9}},{"start":{"line":14,"column":13},"end":{"line":22,"column":9}}],"line":12},"1":{"loc":{"start":{"line":17,"column":12},"end":{"line":21,"column":13}},"type":"if","locations":[{"start":{"line":17,"column":12},"end":{"line":21,"column":13}},{"start":{"line":19,"column":17},"end":{"line":21,"column":13}}],"line":17},"2":{"loc":{"start":{"line":32,"column":8},"end":{"line":41,"column":9}},"type":"if","locations":[{"start":{"line":32,"column":8},"end":{"line":41,"column":9}},{"start":{"line":39,"column":13},"end":{"line":41,"column":9}}],"line":32},"3":{"loc":{"start":{"line":34,"column":12},"end":{"line":38,"column":13}},"type":"if","locations":[{"start":{"line":34,"column":12},"end":{"line":38,"column":13}},{"start":{"line":36,"column":17},"end":{"line":38,"column":13}}],"line":34},"4":{"loc":{"start":{"line":50,"column":8},"end":{"line":72,"column":9}},"type":"if","locations":[{"start":{"line":50,"column":8},"end":{"line":72,"column":9}},{"start":{"line":70,"column":13},"end":{"line":72,"column":9}}],"line":50},"5":{"loc":{"start":{"line":64,"column":16},"end":{"line":68,"column":17}},"type":"if","locations":[{"start":{"line":64,"column":16},"end":{"line":68,"column":17}},{"start":{"line":66,"column":21},"end":{"line":68,"column":17}}],"line":64},"6":{"loc":{"start":{"line":83,"column":8},"end":{"line":94,"column":9}},"type":"if","locations":[{"start":{"line":83,"column":8},"end":{"line":94,"column":9}},{"start":{},"end":{}}],"line":83},"7":{"loc":{"start":{"line":97,"column":8},"end":{"line":101,"column":9}},"type":"if","locations":[{"start":{"line":97,"column":8},"end":{"line":101,"column":9}},{"start":{"line":99,"column":15},"end":{"line":101,"column":9}}],"line":97},"8":{"loc":{"start":{"line":126,"column":4},"end":{"line":128,"column":5}},"type":"if","locations":[{"start":{"line":126,"column":4},"end":{"line":128,"column":5}},{"start":{},"end":{}}],"line":126},"9":{"loc":{"start":{"line":139,"column":4},"end":{"line":141,"column":5}},"type":"if","locations":[{"start":{"line":139,"column":4},"end":{"line":141,"column":5}},{"start":{},"end":{}}],"line":139}},"s":{"0":1,"1":1,"2":1,"3":1,"4":1,"5":1,"6":2,"7":2,"8":2,"9":2,"10":0,"11":2,"12":2,"13":2,"14":1,"15":1,"16":0,"17":1,"18":2,"19":2,"20":2,"21":2,"22":1,"23":1,"24":1,"25":0,"26":1,"27":0,"28":1,"29":0,"30":0,"31":0,"32":0,"33":0,"34":0,"35":0,"36":0,"37":0,"38":1,"39":1,"40":1,"41":1,"42":1,"43":1,"44":1,"45":1,"46":1,"47":1,"48":1,"49":1,"50":0,"51":0,"52":1,"53":0,"54":0,"55":0,"56":0,"57":0,"58":0,"59":0,"60":0,"61":0,"62":0,"63":0,"64":0,"65":0},"f":{"0":2,"1":2,"2":0,"3":0,"4":1,"5":0},"b":{"0":[0,2],"1":[1,1],"2":[1,1],"3":[1,0],"4":[0,0],"5":[0,0],"6":[1,0],"7":[1,0],"8":[0,0],"9":[0,0]},"_coverageSchema":"1a1c01bbd47fc00a2c39e90264f33305004495a9","hash":"1c5622d4652ca66e152f5e50a88d7783b3ef96b6"}
,"/Users/katiavelasquez/Desktop/nodeBackenBookEnxachange/app/middlewares/authJwt.js": {"path":"/Users/katiavelasquez/Desktop/nodeBackenBookEnxachange/app/middlewares/authJwt.js","statementMap":{"0":{"start":{"line":1,"column":0},"end":{"line":1,"column":27}},"1":{"start":{"line":2,"column":12},"end":{"line":2,"column":35}},"2":{"start":{"line":3,"column":15},"end":{"line":3,"column":50}},"3":{"start":{"line":4,"column":11},"end":{"line":4,"column":31}},"4":{"start":{"line":5,"column":13},"end":{"line":5,"column":20}},"5":{"start":{"line":6,"column":13},"end":{"line":6,"column":20}},"6":{"start":{"line":8,"column":0},"end":{"line":22,"column":2}},"7":{"start":{"line":9,"column":14},"end":{"line":9,"column":67}},"8":{"start":{"line":11,"column":2},"end":{"line":13,"column":3}},"9":{"start":{"line":12,"column":4},"end":{"line":12,"column":67}},"10":{"start":{"line":15,"column":2},"end":{"line":21,"column":5}},"11":{"start":{"line":16,"column":4},"end":{"line":18,"column":5}},"12":{"start":{"line":17,"column":6},"end":{"line":17,"column":64}},"13":{"start":{"line":19,"column":4},"end":{"line":19,"column":28}},"14":{"start":{"line":20,"column":4},"end":{"line":20,"column":11}},"15":{"start":{"line":24,"column":16},"end":{"line":50,"column":1}},"16":{"start":{"line":25,"column":2},"end":{"line":49,"column":5}},"17":{"start":{"line":26,"column":4},"end":{"line":29,"column":5}},"18":{"start":{"line":27,"column":6},"end":{"line":27,"column":45}},"19":{"start":{"line":28,"column":6},"end":{"line":28,"column":13}},"20":{"start":{"line":31,"column":4},"end":{"line":48,"column":6}},"21":{"start":{"line":36,"column":8},"end":{"line":39,"column":9}},"22":{"start":{"line":37,"column":10},"end":{"line":37,"column":49}},"23":{"start":{"line":38,"column":10},"end":{"line":38,"column":17}},"24":{"start":{"line":41,"column":8},"end":{"line":45,"column":11}},"25":{"start":{"line":42,"column":12},"end":{"line":44,"column":13}},"26":{"start":{"line":43,"column":16},"end":{"line":43,"column":23}},"27":{"start":{"line":46,"column":8},"end":{"line":46,"column":65}},"28":{"start":{"line":52,"column":16},"end":{"line":55,"column":1}},"29":{"start":{"line":56,"column":0},"end":{"line":56,"column":25}}},"fnMap":{"0":{"name":"(anonymous_0)","decl":{"start":{"line":8,"column":14},"end":{"line":8,"column":15}},"loc":{"start":{"line":8,"column":34},"end":{"line":22,"column":1}},"line":8},"1":{"name":"(anonymous_1)","decl":{"start":{"line":15,"column":44},"end":{"line":15,"column":45}},"loc":{"start":{"line":15,"column":62},"end":{"line":21,"column":3}},"line":15},"2":{"name":"(anonymous_2)","decl":{"start":{"line":24,"column":16},"end":{"line":24,"column":17}},"loc":{"start":{"line":24,"column":36},"end":{"line":50,"column":1}},"line":24},"3":{"name":"(anonymous_3)","decl":{"start":{"line":25,"column":33},"end":{"line":25,"column":34}},"loc":{"start":{"line":25,"column":48},"end":{"line":49,"column":3}},"line":25},"4":{"name":"(anonymous_4)","decl":{"start":{"line":35,"column":6},"end":{"line":35,"column":7}},"loc":{"start":{"line":35,"column":22},"end":{"line":47,"column":7}},"line":35},"5":{"name":"(anonymous_5)","decl":{"start":{"line":41,"column":22},"end":{"line":41,"column":23}},"loc":{"start":{"line":41,"column":29},"end":{"line":45,"column":9}},"line":41}},"branchMap":{"0":{"loc":{"start":{"line":11,"column":2},"end":{"line":13,"column":3}},"type":"if","locations":[{"start":{"line":11,"column":2},"end":{"line":13,"column":3}},{"start":{},"end":{}}],"line":11},"1":{"loc":{"start":{"line":16,"column":4},"end":{"line":18,"column":5}},"type":"if","locations":[{"start":{"line":16,"column":4},"end":{"line":18,"column":5}},{"start":{},"end":{}}],"line":16},"2":{"loc":{"start":{"line":26,"column":4},"end":{"line":29,"column":5}},"type":"if","locations":[{"start":{"line":26,"column":4},"end":{"line":29,"column":5}},{"start":{},"end":{}}],"line":26},"3":{"loc":{"start":{"line":36,"column":8},"end":{"line":39,"column":9}},"type":"if","locations":[{"start":{"line":36,"column":8},"end":{"line":39,"column":9}},{"start":{},"end":{}}],"line":36},"4":{"loc":{"start":{"line":42,"column":12},"end":{"line":44,"column":13}},"type":"if","locations":[{"start":{"line":42,"column":12},"end":{"line":44,"column":13}},{"start":{},"end":{}}],"line":42}},"s":{"0":1,"1":1,"2":1,"3":1,"4":1,"5":1,"6":1,"7":5,"8":5,"9":0,"10":5,"11":5,"12":0,"13":5,"14":5,"15":1,"16":0,"17":0,"18":0,"19":0,"20":0,"21":0,"22":0,"23":0,"24":0,"25":0,"26":0,"27":0,"28":1,"29":1},"f":{"0":5,"1":5,"2":0,"3":0,"4":0,"5":0},"b":{"0":[0,5],"1":[0,5],"2":[0,0],"3":[0,0],"4":[0,0]},"_coverageSchema":"1a1c01bbd47fc00a2c39e90264f33305004495a9","hash":"d5488aead8c3f9df65b3e6a7681f2aa1ded43ee2"}
,"/Users/katiavelasquez/Desktop/nodeBackenBookEnxachange/app/middlewares/index.js": {"path":"/Users/katiavelasquez/Desktop/nodeBackenBookEnxachange/app/middlewares/index.js","statementMap":{"0":{"start":{"line":1,"column":16},"end":{"line":1,"column":36}},"1":{"start":{"line":2,"column":21},"end":{"line":2,"column":46}},"2":{"start":{"line":4,"column":0},"end":{"line":7,"column":2}}},"fnMap":{},"branchMap":{},"s":{"0":1,"1":1,"2":1},"f":{},"b":{},"_coverageSchema":"1a1c01bbd47fc00a2c39e90264f33305004495a9","hash":"aeaacbeb02a02a928204a2754e8b00abe99ffb4c"}
,"/Users/katiavelasquez/Desktop/nodeBackenBookEnxachange/app/middlewares/verifySignUp.js": {"path":"/Users/katiavelasquez/Desktop/nodeBackenBookEnxachange/app/middlewares/verifySignUp.js","statementMap":{"0":{"start":{"line":1,"column":11},"end":{"line":1,"column":31}},"1":{"start":{"line":2,"column":14},"end":{"line":2,"column":22}},"2":{"start":{"line":3,"column":13},"end":{"line":3,"column":20}},"3":{"start":{"line":5,"column":31},"end":{"line":17,"column":1}},"4":{"start":{"line":6,"column":2},"end":{"line":16,"column":7}},"5":{"start":{"line":9,"column":6},"end":{"line":11,"column":7}},"6":{"start":{"line":10,"column":8},"end":{"line":10,"column":88}},"7":{"start":{"line":12,"column":6},"end":{"line":12,"column":13}},"8":{"start":{"line":15,"column":6},"end":{"line":15,"column":53}},"9":{"start":{"line":20,"column":26},"end":{"line":27,"column":1}},"10":{"start":{"line":21,"column":2},"end":{"line":25,"column":3}},"11":{"start":{"line":22,"column":4},"end":{"line":24,"column":8}},"12":{"start":{"line":26,"column":2},"end":{"line":26,"column":9}},"13":{"start":{"line":29,"column":21},"end":{"line":32,"column":1}},"14":{"start":{"line":34,"column":0},"end":{"line":34,"column":30}}},"fnMap":{"0":{"name":"(anonymous_0)","decl":{"start":{"line":5,"column":31},"end":{"line":5,"column":32}},"loc":{"start":{"line":5,"column":51},"end":{"line":17,"column":1}},"line":5},"1":{"name":"(anonymous_1)","decl":{"start":{"line":8,"column":10},"end":{"line":8,"column":11}},"loc":{"start":{"line":8,"column":20},"end":{"line":13,"column":5}},"line":8},"2":{"name":"(anonymous_2)","decl":{"start":{"line":14,"column":11},"end":{"line":14,"column":12}},"loc":{"start":{"line":14,"column":20},"end":{"line":16,"column":5}},"line":14},"3":{"name":"(anonymous_3)","decl":{"start":{"line":20,"column":26},"end":{"line":20,"column":27}},"loc":{"start":{"line":20,"column":46},"end":{"line":27,"column":1}},"line":20}},"branchMap":{"0":{"loc":{"start":{"line":9,"column":6},"end":{"line":11,"column":7}},"type":"if","locations":[{"start":{"line":9,"column":6},"end":{"line":11,"column":7}},{"start":{},"end":{}}],"line":9},"1":{"loc":{"start":{"line":21,"column":2},"end":{"line":25,"column":3}},"type":"if","locations":[{"start":{"line":21,"column":2},"end":{"line":25,"column":3}},{"start":{},"end":{}}],"line":21},"2":{"loc":{"start":{"line":21,"column":7},"end":{"line":21,"column":53}},"type":"binary-expr","locations":[{"start":{"line":21,"column":7},"end":{"line":21,"column":20}},{"start":{"line":21,"column":24},"end":{"line":21,"column":53}}],"line":21}},"s":{"0":1,"1":1,"2":1,"3":1,"4":2,"5":2,"6":0,"7":2,"8":0,"9":1,"10":2,"11":0,"12":2,"13":1,"14":1},"f":{"0":2,"1":2,"2":0,"3":2},"b":{"0":[0,2],"1":[0,2],"2":[2,2]},"_coverageSchema":"1a1c01bbd47fc00a2c39e90264f33305004495a9","hash":"8ddb339fab83fb93ff983570f9efa4241087079e"}
,"/Users/katiavelasquez/Desktop/nodeBackenBookEnxachange/app/models/book.model.js": {"path":"/Users/katiavelasquez/Desktop/nodeBackenBookEnxachange/app/models/book.model.js","statementMap":{"0":{"start":{"line":1,"column":17},"end":{"line":1,"column":36}},"1":{"start":{"line":3,"column":13},"end":{"line":14,"column":1}},"2":{"start":{"line":16,"column":0},"end":{"line":16,"column":22}}},"fnMap":{},"branchMap":{},"s":{"0":1,"1":1,"2":1},"f":{},"b":{},"_coverageSchema":"1a1c01bbd47fc00a2c39e90264f33305004495a9","hash":"4c8a7aee1f1fa37610ee032809d3c03233c1136b"}
,"/Users/katiavelasquez/Desktop/nodeBackenBookEnxachange/app/models/index.js": {"path":"/Users/katiavelasquez/Desktop/nodeBackenBookEnxachange/app/models/index.js","statementMap":{"0":{"start":{"line":1,"column":17},"end":{"line":1,"column":36}},"1":{"start":{"line":2,"column":0},"end":{"line":2,"column":34}},"2":{"start":{"line":4,"column":11},"end":{"line":4,"column":13}},"3":{"start":{"line":6,"column":0},"end":{"line":6,"column":23}},"4":{"start":{"line":8,"column":0},"end":{"line":8,"column":34}},"5":{"start":{"line":9,"column":0},"end":{"line":9,"column":34}},"6":{"start":{"line":10,"column":0},"end":{"line":10,"column":34}},"7":{"start":{"line":12,"column":0},"end":{"line":12,"column":22}},"8":{"start":{"line":14,"column":0},"end":{"line":14,"column":20}}},"fnMap":{},"branchMap":{},"s":{"0":1,"1":1,"2":1,"3":1,"4":1,"5":1,"6":1,"7":1,"8":1},"f":{},"b":{},"_coverageSchema":"1a1c01bbd47fc00a2c39e90264f33305004495a9","hash":"8e696829850eddabefb466ede8b204ad6c1186c2"}
,"/Users/katiavelasquez/Desktop/nodeBackenBookEnxachange/app/models/role.model.js": {"path":"/Users/katiavelasquez/Desktop/nodeBackenBookEnxachange/app/models/role.model.js","statementMap":{"0":{"start":{"line":1,"column":17},"end":{"line":1,"column":36}},"1":{"start":{"line":3,"column":13},"end":{"line":9,"column":1}},"2":{"start":{"line":11,"column":0},"end":{"line":11,"column":22}}},"fnMap":{},"branchMap":{},"s":{"0":1,"1":1,"2":1},"f":{},"b":{},"_coverageSchema":"1a1c01bbd47fc00a2c39e90264f33305004495a9","hash":"850eb490ae68e8719eb461065762f48f1e40bfd1"}
,"/Users/katiavelasquez/Desktop/nodeBackenBookEnxachange/app/models/user.model.js": {"path":"/Users/katiavelasquez/Desktop/nodeBackenBookEnxachange/app/models/user.model.js","statementMap":{"0":{"start":{"line":1,"column":17},"end":{"line":1,"column":36}},"1":{"start":{"line":3,"column":13},"end":{"line":16,"column":1}},"2":{"start":{"line":18,"column":0},"end":{"line":18,"column":22}}},"fnMap":{},"branchMap":{},"s":{"0":1,"1":1,"2":1},"f":{},"b":{},"_coverageSchema":"1a1c01bbd47fc00a2c39e90264f33305004495a9","hash":"82a083f30ab2f883077625db1c90ad3ae595b488"}
,"/Users/katiavelasquez/Desktop/nodeBackenBookEnxachange/app/routes/auth.routes.js": {"path":"/Users/katiavelasquez/Desktop/nodeBackenBookEnxachange/app/routes/auth.routes.js","statementMap":{"0":{"start":{"line":1,"column":25},"end":{"line":1,"column":50}},"1":{"start":{"line":2,"column":19},"end":{"line":2,"column":61}},"2":{"start":{"line":4,"column":0},"end":{"line":22,"column":2}},"3":{"start":{"line":5,"column":2},"end":{"line":11,"column":5}},"4":{"start":{"line":6,"column":4},"end":{"line":9,"column":6}},"5":{"start":{"line":10,"column":4},"end":{"line":10,"column":11}},"6":{"start":{"line":13,"column":2},"end":{"line":20,"column":4}},"7":{"start":{"line":21,"column":2},"end":{"line":21,"column":50}}},"fnMap":{"0":{"name":"(anonymous_0)","decl":{"start":{"line":4,"column":17},"end":{"line":4,"column":18}},"loc":{"start":{"line":4,"column":31},"end":{"line":22,"column":1}},"line":4},"1":{"name":"(anonymous_1)","decl":{"start":{"line":5,"column":10},"end":{"line":5,"column":11}},"loc":{"start":{"line":5,"column":35},"end":{"line":11,"column":3}},"line":5}},"branchMap":{},"s":{"0":1,"1":1,"2":1,"3":1,"4":13,"5":13,"6":1,"7":1},"f":{"0":1,"1":13},"b":{},"_coverageSchema":"1a1c01bbd47fc00a2c39e90264f33305004495a9","hash":"8425a0b29ef855d2e7f60b6949fbe1066de3baa8"}
,"/Users/katiavelasquez/Desktop/nodeBackenBookEnxachange/app/routes/user.routes.js": {"path":"/Users/katiavelasquez/Desktop/nodeBackenBookEnxachange/app/routes/user.routes.js","statementMap":{"0":{"start":{"line":1,"column":20},"end":{"line":1,"column":45}},"1":{"start":{"line":2,"column":19},"end":{"line":2,"column":60}},"2":{"start":{"line":5,"column":0},"end":{"line":23,"column":2}},"3":{"start":{"line":6,"column":2},"end":{"line":12,"column":5}},"4":{"start":{"line":7,"column":4},"end":{"line":10,"column":6}},"5":{"start":{"line":11,"column":4},"end":{"line":11,"column":11}},"6":{"start":{"line":14,"column":2},"end":{"line":14,"column":49}},"7":{"start":{"line":16,"column":2},"end":{"line":16,"column":73}},"8":{"start":{"line":18,"column":2},"end":{"line":22,"column":4}}},"fnMap":{"0":{"name":"(anonymous_0)","decl":{"start":{"line":5,"column":17},"end":{"line":5,"column":18}},"loc":{"start":{"line":5,"column":31},"end":{"line":23,"column":1}},"line":5},"1":{"name":"(anonymous_1)","decl":{"start":{"line":6,"column":10},"end":{"line":6,"column":11}},"loc":{"start":{"line":6,"column":35},"end":{"line":12,"column":3}},"line":6}},"branchMap":{},"s":{"0":1,"1":1,"2":1,"3":1,"4":8,"5":8,"6":1,"7":1,"8":1},"f":{"0":1,"1":8},"b":{},"_coverageSchema":"1a1c01bbd47fc00a2c39e90264f33305004495a9","hash":"a8195fa6b4673e223e7d455fb325b014d37752cf"}
,"/Users/katiavelasquez/Desktop/nodeBackenBookEnxachange/app/routes/userBooks.routes.js": {"path":"/Users/katiavelasquez/Desktop/nodeBackenBookEnxachange/app/routes/userBooks.routes.js","statementMap":{"0":{"start":{"line":1,"column":20},"end":{"line":1,"column":45}},"1":{"start":{"line":2,"column":19},"end":{"line":2,"column":65}},"2":{"start":{"line":4,"column":0},"end":{"line":40,"column":2}},"3":{"start":{"line":5,"column":2},"end":{"line":11,"column":5}},"4":{"start":{"line":6,"column":4},"end":{"line":9,"column":6}},"5":{"start":{"line":10,"column":4},"end":{"line":10,"column":11}},"6":{"start":{"line":13,"column":2},"end":{"line":19,"column":4}},"7":{"start":{"line":21,"column":2},"end":{"line":27,"column":4}},"8":{"start":{"line":29,"column":2},"end":{"line":33,"column":22}},"9":{"start":{"line":35,"column":2},"end":{"line":39,"column":25}}},"fnMap":{"0":{"name":"(anonymous_0)","decl":{"start":{"line":4,"column":17},"end":{"line":4,"column":18}},"loc":{"start":{"line":4,"column":31},"end":{"line":40,"column":1}},"line":4},"1":{"name":"(anonymous_1)","decl":{"start":{"line":5,"column":10},"end":{"line":5,"column":11}},"loc":{"start":{"line":5,"column":35},"end":{"line":11,"column":3}},"line":5}},"branchMap":{},"s":{"0":1,"1":1,"2":1,"3":1,"4":8,"5":8,"6":1,"7":1,"8":1,"9":1},"f":{"0":1,"1":8},"b":{},"_coverageSchema":"1a1c01bbd47fc00a2c39e90264f33305004495a9","hash":"07243836f94ac31c3f7c24419c2f7f216b96d183"}
,"/Users/katiavelasquez/Desktop/nodeBackenBookEnxachange/app/test/test-db-config.js": {"path":"/Users/katiavelasquez/Desktop/nodeBackenBookEnxachange/app/test/test-db-config.js","statementMap":{"0":{"start":{"line":1,"column":17},"end":{"line":1,"column":36}},"1":{"start":{"line":2,"column":30},"end":{"line":2,"column":62}},"2":{"start":{"line":5,"column":18},"end":{"line":5,"column":23}},"3":{"start":{"line":7,"column":0},"end":{"line":24,"column":2}},"4":{"start":{"line":8,"column":2},"end":{"line":23,"column":3}},"5":{"start":{"line":9,"column":4},"end":{"line":9,"column":51}},"6":{"start":{"line":10,"column":16},"end":{"line":10,"column":36}},"7":{"start":{"line":12,"column":25},"end":{"line":15,"column":5}},"8":{"start":{"line":17,"column":4},"end":{"line":19,"column":7}},"9":{"start":{"line":18,"column":6},"end":{"line":18,"column":54}},"10":{"start":{"line":21,"column":4},"end":{"line":21,"column":46}},"11":{"start":{"line":22,"column":4},"end":{"line":22,"column":23}},"12":{"start":{"line":26,"column":0},"end":{"line":34,"column":2}},"13":{"start":{"line":27,"column":2},"end":{"line":33,"column":3}},"14":{"start":{"line":28,"column":4},"end":{"line":28,"column":45}},"15":{"start":{"line":29,"column":4},"end":{"line":29,"column":38}},"16":{"start":{"line":30,"column":4},"end":{"line":30,"column":29}},"17":{"start":{"line":32,"column":4},"end":{"line":32,"column":24}}},"fnMap":{"0":{"name":"(anonymous_0)","decl":{"start":{"line":7,"column":25},"end":{"line":7,"column":26}},"loc":{"start":{"line":7,"column":37},"end":{"line":24,"column":1}},"line":7},"1":{"name":"(anonymous_1)","decl":{"start":{"line":17,"column":36},"end":{"line":17,"column":37}},"loc":{"start":{"line":17,"column":45},"end":{"line":19,"column":5}},"line":17},"2":{"name":"(anonymous_2)","decl":{"start":{"line":26,"column":31},"end":{"line":26,"column":32}},"loc":{"start":{"line":26,"column":43},"end":{"line":34,"column":1}},"line":26}},"branchMap":{"0":{"loc":{"start":{"line":8,"column":2},"end":{"line":23,"column":3}},"type":"if","locations":[{"start":{"line":8,"column":2},"end":{"line":23,"column":3}},{"start":{},"end":{}}],"line":8},"1":{"loc":{"start":{"line":27,"column":2},"end":{"line":33,"column":3}},"type":"if","locations":[{"start":{"line":27,"column":2},"end":{"line":33,"column":3}},{"start":{},"end":{}}],"line":27}},"s":{"0":1,"1":1,"2":1,"3":1,"4":1,"5":1,"6":1,"7":1,"8":1,"9":0,"10":1,"11":1,"12":1,"13":1,"14":1,"15":1,"16":1,"17":1},"f":{"0":1,"1":0,"2":1},"b":{"0":[1,0],"1":[1,0]},"_coverageSchema":"1a1c01bbd47fc00a2c39e90264f33305004495a9","hash":"888c353f17666b55c8c2744d8de9d209e58ad7ce"}
}
