TN:
SF:server.js
FN:23,(anonymous_0)
FN:45,(anonymous_1)
FN:49,(anonymous_2)
FN:52,(anonymous_3)
FN:58,initial
FNF:5
FNH:2
FNDA:1,(anonymous_0)
FNDA:0,(anonymous_1)
FNDA:0,(anonymous_2)
FNDA:0,(anonymous_3)
FNDA:1,initial
DA:1,1
DA:2,1
DA:3,1
DA:4,1
DA:5,1
DA:7,1
DA:9,1
DA:11,1
DA:12,1
DA:14,1
DA:19,1
DA:21,1
DA:23,1
DA:24,1
DA:27,1
DA:28,1
DA:29,1
DA:31,1
DA:33,1
DA:39,1
DA:40,0
DA:46,0
DA:47,0
DA:50,0
DA:52,0
DA:53,0
DA:59,1
DA:60,1
DA:61,1
DA:62,1
DA:72,1
DA:75,0
DA:79,1
DA:81,1
LF:34
LH:27
BRDA:39,0,0,0
BRDA:39,0,1,1
BRDA:61,1,0,1
BRDA:61,1,1,0
BRF:4
BRH:2
end_of_record
TN:
SF:app/config/auth.config.js
FNF:0
FNH:0
DA:1,1
LF:1
LH:1
BRF:0
BRH:0
end_of_record
TN:
SF:app/config/roleTest.js
FNF:0
FNH:0
DA:1,1
DA:5,1
DA:10,1
LF:3
LH:3
BRF:0
BRH:0
end_of_record
TN:
SF:app/config/testBook.js
FNF:0
FNH:0
DA:1,1
DA:11,1
DA:23,1
LF:3
LH:3
BRF:0
BRH:0
end_of_record
TN:
SF:app/config/testData.js
FNF:0
FNH:0
DA:1,1
DA:5,1
DA:9,1
DA:13,1
DA:17,1
LF:5
LH:5
BRF:0
BRH:0
end_of_record
TN:
SF:app/config/testUsersSigIn.js
FNF:0
FNH:0
DA:1,1
DA:8,1
DA:15,1
DA:22,1
DA:30,1
LF:5
LH:5
BRF:0
BRH:0
end_of_record
TN:
SF:app/controllers/auth.controllers.js
FN:8,(anonymous_0)
FN:39,(anonymous_1)
FNF:2
FNH:2
FNDA:3,(anonymous_0)
FNDA:4,(anonymous_1)
DA:1,1
DA:2,1
DA:3,1
DA:5,1
DA:6,1
DA:8,1
DA:9,3
DA:11,3
DA:12,0
DA:13,3
DA:14,2
DA:16,1
DA:19,2
DA:20,2
DA:21,0
DA:24,2
DA:32,2
DA:33,2
DA:35,1
DA:39,1
DA:40,4
DA:41,4
DA:42,4
DA:44,4
DA:45,1
DA:48,3
DA:50,3
DA:51,1
DA:57,2
DA:59,2
DA:60,0
DA:63,2
DA:65,2
DA:67,2
DA:76,0
LF:35
LH:31
BRDA:11,0,0,0
BRDA:11,0,1,3
BRDA:13,1,0,2
BRDA:13,1,1,1
BRDA:20,2,0,0
BRDA:20,2,1,2
BRDA:44,3,0,1
BRDA:44,3,1,3
BRDA:50,4,0,1
BRDA:50,4,1,2
BRDA:59,5,0,0
BRDA:59,5,1,2
BRF:12
BRH:9
end_of_record
TN:
SF:app/controllers/user.controller.js
FN:1,(anonymous_0)
FN:5,(anonymous_1)
FN:9,(anonymous_2)
FNF:3
FNH:2
FNDA:1,(anonymous_0)
FNDA:1,(anonymous_1)
FNDA:0,(anonymous_2)
DA:1,1
DA:2,1
DA:5,1
DA:6,1
DA:9,1
DA:10,0
LF:6
LH:5
BRF:0
BRH:0
end_of_record
TN:
SF:app/controllers/userBooks.controller.js
FN:8,(anonymous_0)
FN:28,(anonymous_1)
FN:77,(anonymous_2)
FN:107,(anonymous_3)
FNF:4
FNH:4
FNDA:2,(anonymous_0)
FNDA:2,(anonymous_1)
FNDA:1,(anonymous_2)
FNDA:2,(anonymous_3)
DA:1,1
DA:2,1
DA:3,1
DA:4,1
DA:6,1
DA:8,1
DA:9,2
DA:10,2
DA:11,2
DA:12,2
DA:13,0
DA:15,2
DA:16,2
DA:17,2
DA:18,1
DA:20,1
DA:24,0
DA:28,1
DA:29,2
DA:30,2
DA:31,2
DA:32,2
DA:33,2
DA:34,1
DA:36,1
DA:39,0
DA:42,0
DA:77,1
DA:78,1
DA:79,1
DA:80,1
DA:81,1
DA:82,1
DA:83,1
DA:92,1
DA:94,1
DA:95,1
DA:96,1
DA:97,1
DA:98,1
DA:100,0
DA:103,0
DA:107,1
DA:108,2
DA:109,2
DA:110,2
DA:111,2
DA:112,2
DA:114,2
DA:115,2
DA:116,2
DA:117,2
DA:118,1
DA:121,1
DA:123,1
DA:129,1
DA:131,1
DA:132,0
DA:135,1
DA:137,0
DA:138,0
LF:61
LH:52
BRDA:12,0,0,0
BRDA:12,0,1,2
BRDA:17,1,0,1
BRDA:17,1,1,1
BRDA:31,2,0,2
BRDA:31,2,1,0
BRDA:33,3,0,1
BRDA:33,3,1,1
BRDA:82,4,0,1
BRDA:82,4,1,0
BRDA:97,5,0,1
BRDA:97,5,1,0
BRDA:117,6,0,1
BRDA:117,6,1,1
BRDA:131,7,0,0
BRDA:131,7,1,1
BRF:16
BRH:11
end_of_record
TN:
SF:app/middlewares/authJwt.js
FN:8,(anonymous_0)
FN:16,(anonymous_1)
FNF:2
FNH:2
FNDA:11,(anonymous_0)
FNDA:10,(anonymous_1)
DA:1,1
DA:2,1
DA:3,1
DA:4,1
DA:5,1
DA:6,1
DA:8,1
DA:9,11
DA:10,11
DA:12,11
DA:13,1
DA:16,10
DA:17,10
DA:18,2
DA:20,8
DA:21,8
DA:25,1
DA:28,1
LF:18
LH:18
BRDA:12,0,0,1
BRDA:12,0,1,10
BRDA:17,1,0,2
BRDA:17,1,1,8
BRF:4
BRH:4
end_of_record
TN:
SF:app/middlewares/index.js
FNF:0
FNH:0
DA:1,1
DA:2,1
DA:4,1
LF:3
LH:3
BRF:0
BRH:0
end_of_record
TN:
SF:app/middlewares/verifySignUp.js
FN:5,(anonymous_0)
FN:8,(anonymous_1)
FN:14,(anonymous_2)
FN:20,(anonymous_3)
FNF:4
FNH:3
FNDA:3,(anonymous_0)
FNDA:3,(anonymous_1)
FNDA:0,(anonymous_2)
FNDA:3,(anonymous_3)
DA:1,1
DA:2,1
DA:3,1
DA:5,1
DA:6,3
DA:9,3
DA:10,0
DA:12,3
DA:15,0
DA:20,1
DA:21,3
DA:22,1
DA:26,3
DA:29,1
DA:34,1
LF:15
LH:13
BRDA:9,0,0,0
BRDA:9,0,1,3
BRDA:21,1,0,1
BRDA:21,1,1,2
BRDA:21,2,0,3
BRDA:21,2,1,3
BRF:6
BRH:5
end_of_record
TN:
SF:app/models/book.model.js
FNF:0
FNH:0
DA:1,1
DA:3,1
DA:16,1
LF:3
LH:3
BRF:0
BRH:0
end_of_record
TN:
SF:app/models/index.js
FNF:0
FNH:0
DA:1,1
DA:2,1
DA:4,1
DA:6,1
DA:8,1
DA:9,1
DA:10,1
DA:12,1
DA:14,1
LF:9
LH:9
BRF:0
BRH:0
end_of_record
TN:
SF:app/models/role.model.js
FNF:0
FNH:0
DA:1,1
DA:3,1
DA:11,1
LF:3
LH:3
BRF:0
BRH:0
end_of_record
TN:
SF:app/models/user.model.js
FNF:0
FNH:0
DA:1,1
DA:3,1
DA:18,1
LF:3
LH:3
BRF:0
BRH:0
end_of_record
TN:
SF:app/routes/auth.routes.js
FN:4,(anonymous_0)
FN:5,(anonymous_1)
FNF:2
FNH:2
FNDA:1,(anonymous_0)
FNDA:22,(anonymous_1)
DA:1,1
DA:2,1
DA:4,1
DA:5,1
DA:6,22
DA:10,22
DA:13,1
DA:21,1
LF:8
LH:8
BRF:0
BRH:0
end_of_record
TN:
SF:app/routes/user.routes.js
FN:5,(anonymous_0)
FN:6,(anonymous_1)
FNF:2
FNH:2
FNDA:1,(anonymous_0)
FNDA:15,(anonymous_1)
DA:1,1
DA:2,1
DA:5,1
DA:6,1
DA:7,15
DA:11,15
DA:14,1
DA:16,1
LF:8
LH:8
BRF:0
BRH:0
end_of_record
TN:
SF:app/routes/userBooks.routes.js
FN:4,(anonymous_0)
FN:5,(anonymous_1)
FNF:2
FNH:2
FNDA:1,(anonymous_0)
FNDA:13,(anonymous_1)
DA:1,1
DA:2,1
DA:4,1
DA:5,1
DA:6,13
DA:10,13
DA:13,1
DA:21,1
DA:29,1
DA:35,1
LF:10
LH:10
BRF:0
BRH:0
end_of_record
TN:
SF:app/test/test-db-config.js
FN:7,(anonymous_0)
FN:17,(anonymous_1)
FN:26,(anonymous_2)
FN:36,(anonymous_3)
FNF:4
FNH:3
FNDA:1,(anonymous_0)
FNDA:0,(anonymous_1)
FNDA:1,(anonymous_2)
FNDA:1,(anonymous_3)
DA:1,1
DA:2,1
DA:5,1
DA:7,1
DA:8,1
DA:9,1
DA:10,1
DA:12,1
DA:17,1
DA:18,0
DA:21,1
DA:22,1
DA:26,1
DA:27,1
DA:28,1
DA:29,1
DA:30,1
DA:32,1
DA:36,1
DA:37,1
DA:38,1
DA:40,1
DA:41,3
DA:42,3
LF:24
LH:23
BRDA:8,0,0,1
BRDA:8,0,1,0
BRDA:27,1,0,1
BRDA:27,1,1,0
BRDA:37,2,0,1
BRDA:37,2,1,0
BRF:6
BRH:3
end_of_record
