TN:
SF:server.js
FN:26,(anonymous_0)
FN:48,(anonymous_1)
FN:52,(anonymous_2)
FN:56,(anonymous_3)
FN:62,initial
FNF:5
FNH:0
FNDA:0,(anonymous_0)
FNDA:0,(anonymous_1)
FNDA:0,(anonymous_2)
FNDA:0,(anonymous_3)
FNDA:0,initial
DA:1,1
DA:2,1
DA:3,1
DA:4,1
DA:5,1
DA:7,1
DA:9,1
DA:11,1
DA:12,1
DA:17,1
DA:22,1
DA:24,1
DA:26,1
DA:27,0
DA:30,1
DA:31,1
DA:32,1
DA:34,1
DA:36,1
DA:42,1
DA:43,0
DA:49,0
DA:50,0
DA:53,0
DA:56,0
DA:57,0
DA:63,0
DA:64,0
DA:65,0
DA:66,0
DA:76,0
DA:79,0
DA:83,1
LF:33
LH:20
BRDA:42,0,0,0
BRDA:42,0,1,1
BRDA:65,1,0,0
BRDA:65,1,1,0
BRF:4
BRH:1
end_of_record
TN:
SF:app/config/auth.config.js
FNF:0
FNH:0
DA:1,1
LF:1
LH:1
BRF:0
BRH:0
end_of_record
TN:
SF:app/config/roleTest.js
FNF:0
FNH:0
DA:1,1
DA:5,1
DA:10,1
LF:3
LH:3
BRF:0
BRH:0
end_of_record
TN:
SF:app/config/testBook.js
FNF:0
FNH:0
DA:1,1
DA:11,1
DA:23,1
LF:3
LH:3
BRF:0
BRH:0
end_of_record
TN:
SF:app/config/testData.js
FNF:0
FNH:0
DA:1,1
DA:5,1
DA:9,1
DA:13,1
DA:17,1
LF:5
LH:5
BRF:0
BRH:0
end_of_record
TN:
SF:app/config/testUsersSigIn.js
FNF:0
FNH:0
DA:1,1
DA:8,1
DA:16,1
LF:3
LH:3
BRF:0
BRH:0
end_of_record
TN:
SF:app/controllers/auth.controllers.js
FN:8,(anonymous_0)
FN:39,(anonymous_1)
FNF:2
FNH:2
FNDA:2,(anonymous_0)
FNDA:3,(anonymous_1)
DA:1,1
DA:2,1
DA:3,1
DA:5,1
DA:6,1
DA:8,1
DA:9,2
DA:11,2
DA:12,0
DA:13,2
DA:14,2
DA:16,0
DA:19,2
DA:20,2
DA:21,0
DA:24,2
DA:32,2
DA:33,2
DA:35,0
DA:39,1
DA:40,3
DA:41,3
DA:43,3
DA:44,0
DA:47,3
DA:49,3
DA:50,1
DA:56,2
DA:58,2
DA:59,0
DA:62,2
DA:64,2
DA:66,2
DA:75,0
LF:34
LH:27
BRDA:11,0,0,0
BRDA:11,0,1,2
BRDA:13,1,0,2
BRDA:13,1,1,0
BRDA:20,2,0,0
BRDA:20,2,1,2
BRDA:43,3,0,0
BRDA:43,3,1,3
BRDA:49,4,0,1
BRDA:49,4,1,2
BRDA:58,5,0,0
BRDA:58,5,1,2
BRF:12
BRH:7
end_of_record
TN:
SF:app/controllers/user.controller.js
FN:1,(anonymous_0)
FN:5,(anonymous_1)
FN:9,(anonymous_2)
FNF:3
FNH:0
FNDA:0,(anonymous_0)
FNDA:0,(anonymous_1)
FNDA:0,(anonymous_2)
DA:1,1
DA:2,0
DA:5,1
DA:6,0
DA:9,1
DA:10,0
LF:6
LH:3
BRF:0
BRH:0
end_of_record
TN:
SF:app/controllers/userBooks.controller.js
FN:8,(anonymous_0)
FN:28,(anonymous_1)
FN:47,(anonymous_2)
FN:63,(anonymous_3)
FN:78,(anonymous_4)
FN:120,(anonymous_5)
FNF:6
FNH:3
FNDA:2,(anonymous_0)
FNDA:2,(anonymous_1)
FNDA:0,(anonymous_2)
FNDA:0,(anonymous_3)
FNDA:1,(anonymous_4)
FNDA:0,(anonymous_5)
DA:1,1
DA:2,1
DA:3,1
DA:4,1
DA:6,1
DA:8,1
DA:9,2
DA:10,2
DA:11,2
DA:12,2
DA:13,0
DA:15,2
DA:16,2
DA:17,2
DA:18,1
DA:20,1
DA:24,0
DA:28,1
DA:29,2
DA:30,2
DA:31,2
DA:32,2
DA:33,1
DA:34,1
DA:35,1
DA:37,0
DA:40,1
DA:43,0
DA:47,1
DA:48,0
DA:49,0
DA:50,0
DA:51,0
DA:64,0
DA:65,0
DA:67,0
DA:71,0
DA:74,0
DA:78,1
DA:79,1
DA:80,1
DA:81,1
DA:82,1
DA:83,1
DA:84,1
DA:93,1
DA:95,1
DA:96,1
DA:97,1
DA:98,1
DA:100,0
DA:116,0
DA:120,1
DA:121,0
DA:122,0
DA:124,0
DA:125,0
DA:126,0
DA:127,0
DA:130,0
DA:132,0
DA:139,0
DA:140,0
DA:143,0
DA:145,0
DA:146,0
LF:66
LH:38
BRDA:12,0,0,0
BRDA:12,0,1,2
BRDA:17,1,0,1
BRDA:17,1,1,1
BRDA:32,2,0,1
BRDA:32,2,1,1
BRDA:34,3,0,1
BRDA:34,3,1,0
BRDA:50,4,0,0
BRDA:50,4,1,0
BRDA:64,5,0,0
BRDA:64,5,1,0
BRDA:83,6,0,1
BRDA:83,6,1,0
BRDA:97,7,0,1
BRDA:97,7,1,0
BRDA:126,8,0,0
BRDA:126,8,1,0
BRDA:139,9,0,0
BRDA:139,9,1,0
BRF:20
BRH:8
end_of_record
TN:
SF:app/middlewares/authJwt.js
FN:8,(anonymous_0)
FN:15,(anonymous_1)
FN:24,(anonymous_2)
FN:25,(anonymous_3)
FN:35,(anonymous_4)
FN:41,(anonymous_5)
FNF:6
FNH:2
FNDA:5,(anonymous_0)
FNDA:5,(anonymous_1)
FNDA:0,(anonymous_2)
FNDA:0,(anonymous_3)
FNDA:0,(anonymous_4)
FNDA:0,(anonymous_5)
DA:1,1
DA:2,1
DA:3,1
DA:4,1
DA:5,1
DA:6,1
DA:8,1
DA:9,5
DA:11,5
DA:12,0
DA:15,5
DA:16,5
DA:17,0
DA:19,5
DA:20,5
DA:24,1
DA:25,0
DA:26,0
DA:27,0
DA:28,0
DA:31,0
DA:36,0
DA:37,0
DA:38,0
DA:41,0
DA:42,0
DA:43,0
DA:46,0
DA:52,1
DA:56,1
LF:30
LH:16
BRDA:11,0,0,0
BRDA:11,0,1,5
BRDA:16,1,0,0
BRDA:16,1,1,5
BRDA:26,2,0,0
BRDA:26,2,1,0
BRDA:36,3,0,0
BRDA:36,3,1,0
BRDA:42,4,0,0
BRDA:42,4,1,0
BRF:10
BRH:2
end_of_record
TN:
SF:app/middlewares/index.js
FNF:0
FNH:0
DA:1,1
DA:2,1
DA:4,1
LF:3
LH:3
BRF:0
BRH:0
end_of_record
TN:
SF:app/middlewares/verifySignUp.js
FN:5,(anonymous_0)
FN:8,(anonymous_1)
FN:14,(anonymous_2)
FN:20,(anonymous_3)
FNF:4
FNH:3
FNDA:2,(anonymous_0)
FNDA:2,(anonymous_1)
FNDA:0,(anonymous_2)
FNDA:2,(anonymous_3)
DA:1,1
DA:2,1
DA:3,1
DA:5,1
DA:6,2
DA:9,2
DA:10,0
DA:12,2
DA:15,0
DA:20,1
DA:21,2
DA:22,0
DA:26,2
DA:29,1
DA:34,1
LF:15
LH:12
BRDA:9,0,0,0
BRDA:9,0,1,2
BRDA:21,1,0,0
BRDA:21,1,1,2
BRDA:21,2,0,2
BRDA:21,2,1,2
BRF:6
BRH:4
end_of_record
TN:
SF:app/models/book.model.js
FNF:0
FNH:0
DA:1,1
DA:3,1
DA:16,1
LF:3
LH:3
BRF:0
BRH:0
end_of_record
TN:
SF:app/models/index.js
FNF:0
FNH:0
DA:1,1
DA:2,1
DA:4,1
DA:6,1
DA:8,1
DA:9,1
DA:10,1
DA:12,1
DA:14,1
LF:9
LH:9
BRF:0
BRH:0
end_of_record
TN:
SF:app/models/role.model.js
FNF:0
FNH:0
DA:1,1
DA:3,1
DA:11,1
LF:3
LH:3
BRF:0
BRH:0
end_of_record
TN:
SF:app/models/user.model.js
FNF:0
FNH:0
DA:1,1
DA:3,1
DA:18,1
LF:3
LH:3
BRF:0
BRH:0
end_of_record
TN:
SF:app/routes/auth.routes.js
FN:4,(anonymous_0)
FN:5,(anonymous_1)
FNF:2
FNH:2
FNDA:1,(anonymous_0)
FNDA:13,(anonymous_1)
DA:1,1
DA:2,1
DA:4,1
DA:5,1
DA:6,13
DA:10,13
DA:13,1
DA:21,1
LF:8
LH:8
BRF:0
BRH:0
end_of_record
TN:
SF:app/routes/user.routes.js
FN:5,(anonymous_0)
FN:6,(anonymous_1)
FNF:2
FNH:2
FNDA:1,(anonymous_0)
FNDA:8,(anonymous_1)
DA:1,1
DA:2,1
DA:5,1
DA:6,1
DA:7,8
DA:11,8
DA:14,1
DA:16,1
DA:18,1
LF:9
LH:9
BRF:0
BRH:0
end_of_record
TN:
SF:app/routes/userBooks.routes.js
FN:4,(anonymous_0)
FN:5,(anonymous_1)
FNF:2
FNH:2
FNDA:1,(anonymous_0)
FNDA:8,(anonymous_1)
DA:1,1
DA:2,1
DA:4,1
DA:5,1
DA:6,8
DA:10,8
DA:13,1
DA:21,1
DA:29,1
DA:35,1
LF:10
LH:10
BRF:0
BRH:0
end_of_record
TN:
SF:app/test/test-db-config.js
FN:7,(anonymous_0)
FN:17,(anonymous_1)
FN:26,(anonymous_2)
FNF:3
FNH:2
FNDA:1,(anonymous_0)
FNDA:0,(anonymous_1)
FNDA:1,(anonymous_2)
DA:1,1
DA:2,1
DA:5,1
DA:7,1
DA:8,1
DA:9,1
DA:10,1
DA:12,1
DA:17,1
DA:18,0
DA:21,1
DA:22,1
DA:26,1
DA:27,1
DA:28,1
DA:29,1
DA:30,1
DA:32,1
LF:18
LH:17
BRDA:8,0,0,1
BRDA:8,0,1,0
BRDA:27,1,0,1
BRDA:27,1,1,0
BRF:4
BRH:2
end_of_record
